{"meta": {"format": 3, "version": "7.10.7", "timestamp": "2025-12-08T15:58:19.145444", "branch_coverage": true, "show_contexts": false}, "files": {"config/settings.py": {"executed_lines": [1, 11, 12, 13, 14, 15, 16, 17, 18, 20, 21, 28, 34, 35, 39, 53, 56, 68, 77, 79, 81, 83, 84, 85, 86, 87, 89, 97, 98, 100, 101, 102, 103, 106, 107, 109, 110, 111, 112, 113, 116, 117, 119, 120, 128, 129, 131, 134, 137, 138, 139, 140, 142, 143, 144, 152, 153, 156, 157, 159, 163, 169, 175, 176, 177, 185, 186, 188, 189, 190, 191, 196, 199, 201, 202, 203, 205, 206, 208, 209, 217, 218, 220, 223, 226, 227, 230, 231, 239, 240, 242, 243, 246, 249, 250, 255, 263, 264, 267, 277, 278, 279, 280, 283, 284, 285, 286, 288, 289, 290, 292, 293, 294, 296, 297, 308, 309, 310, 314, 316, 318, 320, 322, 324, 326, 328, 344, 351, 353, 355, 357, 359, 360, 361, 362, 363, 364, 366, 374, 377, 380, 381, 382, 385, 388, 389, 393, 401, 413, 427], "summary": {"covered_lines": 141, "num_statements": 149, "percent_covered": 92.17877094972067, "percent_covered_display": "92.18", "missing_lines": 8, "excluded_lines": 0, "num_branches": 30, "num_partial_branches": 6, "covered_branches": 24, "missing_branches": 6}, "missing_lines": [36, 80, 160, 164, 170, 403, 415, 429], "excluded_lines": [], "executed_branches": [[35, 39], [152, 153], [152, 156], [159, 163], [163, 169], [169, 175], [175, 176], [175, 177], [205, 206], [205, 209], [292, 293], [308, 309], [308, 314], [309, 310], [309, 314], [357, 359], [357, 366], [359, 360], [361, 362], [361, 363], [363, 364], [363, 366], [380, 381], [380, 382]], "missing_branches": [[35, 36], [159, 160], [163, 164], [169, 170], [292, 294], [359, 366]], "functions": {"_get_allowed_domains": {"executed_lines": [34, 35, 39], "summary": {"covered_lines": 3, "num_statements": 4, "percent_covered": 66.66666666666667, "percent_covered_display": "66.67", "missing_lines": 1, "excluded_lines": 0, "num_branches": 2, "num_partial_branches": 1, "covered_branches": 1, "missing_branches": 1}, "missing_lines": [36], "excluded_lines": [], "executed_branches": [[35, 39]], "missing_branches": [[35, 36]]}, "is_private_ip": {"executed_lines": [77, 79, 81, 83, 84, 85, 86, 87, 89], "summary": {"covered_lines": 9, "num_statements": 10, "percent_covered": 90.0, "percent_covered_display": "90.00", "missing_lines": 1, "excluded_lines": 0, "num_branches": 0, "num_partial_branches": 0, "covered_branches": 0, "missing_branches": 0}, "missing_lines": [80], "excluded_lines": [], "executed_branches": [], "missing_branches": []}, "APIConfig.validate_base_url": {"executed_lines": [152, 153, 156, 157, 159, 163, 169, 175, 176, 177], "summary": {"covered_lines": 10, "num_statements": 13, "percent_covered": 73.91304347826087, "percent_covered_display": "73.91", "missing_lines": 3, "excluded_lines": 0, "num_branches": 10, "num_partial_branches": 3, "covered_branches": 7, "missing_branches": 3}, "missing_lines": [160, 164, 170], "excluded_lines": [], "executed_branches": [[152, 153], [152, 156], [159, 163], [163, 169], [169, 175], [175, 176], [175, 177]], "missing_branches": [[159, 160], [163, 164], [169, 170]]}, "LogConfig.validate_log_file": {"executed_lines": [205, 206, 208, 209], "summary": {"covered_lines": 4, "num_statements": 4, "percent_covered": 100.0, "percent_covered_display": "100.00", "missing_lines": 0, "excluded_lines": 0, "num_branches": 2, "num_partial_branches": 0, "covered_branches": 2, "missing_branches": 0}, "missing_lines": [], "excluded_lines": [], "executed_branches": [[205, 206], [205, 209]], "missing_branches": []}, "Settings.validate_environment": {"executed_lines": [292, 293, 294], "summary": {"covered_lines": 3, "num_statements": 3, "percent_covered": 80.0, "percent_covered_display": "80.00", "missing_lines": 0, "excluded_lines": 0, "num_branches": 2, "num_partial_branches": 1, "covered_branches": 1, "missing_branches": 1}, "missing_lines": [], "excluded_lines": [], "executed_branches": [[292, 293]], "missing_branches": [[292, 294]]}, "Settings.validate_production_secrets": {"executed_lines": [308, 309, 310, 314], "summary": {"covered_lines": 4, "num_statements": 4, "percent_covered": 100.0, "percent_covered_display": "100.00", "missing_lines": 0, "excluded_lines": 0, "num_branches": 4, "num_partial_branches": 0, "covered_branches": 4, "missing_branches": 0}, "missing_lines": [], "excluded_lines": [], "executed_branches": [[308, 309], [308, 314], [309, 310], [309, 314]], "missing_branches": []}, "Settings.is_development": {"executed_lines": [318], "summary": {"covered_lines": 1, "num_statements": 1, "percent_covered": 100.0, "percent_covered_display": "100.00", "missing_lines": 0, "excluded_lines": 0, "num_branches": 0, "num_partial_branches": 0, "covered_branches": 0, "missing_branches": 0}, "missing_lines": [], "excluded_lines": [], "executed_branches": [], "missing_branches": []}, "Settings.is_testing": {"executed_lines": [322], "summary": {"covered_lines": 1, "num_statements": 1, "percent_covered": 100.0, "percent_covered_display": "100.00", "missing_lines": 0, "excluded_lines": 0, "num_branches": 0, "num_partial_branches": 0, "covered_branches": 0, "missing_branches": 0}, "missing_lines": [], "excluded_lines": [], "executed_branches": [], "missing_branches": []}, "Settings.is_production": {"executed_lines": [326], "summary": {"covered_lines": 1, "num_statements": 1, "percent_covered": 100.0, "percent_covered_display": "100.00", "missing_lines": 0, "excluded_lines": 0, "num_branches": 0, "num_partial_branches": 0, "covered_branches": 0, "missing_branches": 0}, "missing_lines": [], "excluded_lines": [], "executed_branches": [], "missing_branches": []}, "Settings.get_log_level": {"executed_lines": [344, 351], "summary": {"covered_lines": 2, "num_statements": 2, "percent_covered": 100.0, "percent_covered_display": "100.00", "missing_lines": 0, "excluded_lines": 0, "num_branches": 0, "num_partial_branches": 0, "covered_branches": 0, "missing_branches": 0}, "missing_lines": [], "excluded_lines": [], "executed_branches": [], "missing_branches": []}, "Settings.to_dict": {"executed_lines": [355, 357, 359, 360, 361, 362, 363, 364, 366], "summary": {"covered_lines": 9, "num_statements": 9, "percent_covered": 94.11764705882354, "percent_covered_display": "94.12", "missing_lines": 0, "excluded_lines": 0, "num_branches": 8, "num_partial_branches": 1, "covered_branches": 7, "missing_branches": 1}, "missing_lines": [], "excluded_lines": [], "executed_branches": [[357, 359], [357, 366], [359, 360], [361, 362], [361, 363], [363, 364], [363, 366]], "missing_branches": [[359, 366]]}, "get_settings": {"executed_lines": [380, 381, 382], "summary": {"covered_lines": 3, "num_statements": 3, "percent_covered": 100.0, "percent_covered_display": "100.00", "missing_lines": 0, "excluded_lines": 0, "num_branches": 2, "num_partial_branches": 0, "covered_branches": 2, "missing_branches": 0}, "missing_lines": [], "excluded_lines": [], "executed_branches": [[380, 381], [380, 382]], "missing_branches": []}, "reload_settings": {"executed_lines": [388, 389], "summary": {"covered_lines": 2, "num_statements": 2, "percent_covered": 100.0, "percent_covered_display": "100.00", "missing_lines": 0, "excluded_lines": 0, "num_branches": 0, "num_partial_branches": 0, "covered_branches": 0, "missing_branches": 0}, "missing_lines": [], "excluded_lines": [], "executed_branches": [], "missing_branches": []}, "get_development_settings": {"executed_lines": [], "summary": {"covered_lines": 0, "num_statements": 1, "percent_covered": 0.0, "percent_covered_display": "0.00", "missing_lines": 1, "excluded_lines": 0, "num_branches": 0, "num_partial_branches": 0, "covered_branches": 0, "missing_branches": 0}, "missing_lines": [403], "excluded_lines": [], "executed_branches": [], "missing_branches": []}, "get_testing_settings": {"executed_lines": [], "summary": {"covered_lines": 0, "num_statements": 1, "percent_covered": 0.0, "percent_covered_display": "0.00", "missing_lines": 1, "excluded_lines": 0, "num_branches": 0, "num_partial_branches": 0, "covered_branches": 0, "missing_branches": 0}, "missing_lines": [415], "excluded_lines": [], "executed_branches": [], "missing_branches": []}, "get_production_settings": {"executed_lines": [], "summary": {"covered_lines": 0, "num_statements": 1, "percent_covered": 0.0, "percent_covered_display": "0.00", "missing_lines": 1, "excluded_lines": 0, "num_branches": 0, "num_partial_branches": 0, "covered_branches": 0, "missing_branches": 0}, "missing_lines": [429], "excluded_lines": [], "executed_branches": [], "missing_branches": []}, "": {"executed_lines": [1, 11, 12, 13, 14, 15, 16, 17, 18, 20, 21, 28, 53, 56, 68, 97, 98, 100, 101, 102, 103, 106, 107, 109, 110, 111, 112, 113, 116, 117, 119, 120, 128, 129, 131, 134, 137, 138, 139, 140, 142, 143, 144, 185, 186, 188, 189, 190, 191, 196, 199, 201, 202, 203, 217, 218, 220, 223, 226, 227, 230, 231, 239, 240, 242, 243, 246, 249, 250, 255, 263, 264, 267, 277, 278, 279, 280, 283, 284, 285, 286, 288, 289, 290, 296, 297, 316, 320, 324, 328, 353, 374, 377, 385, 393, 401, 413, 427], "summary": {"covered_lines": 89, "num_statements": 89, "percent_covered": 100.0, "percent_covered_display": "100.00", "missing_lines": 0, "excluded_lines": 0, "num_branches": 0, "num_partial_branches": 0, "covered_branches": 0, "missing_branches": 0}, "missing_lines": [], "excluded_lines": [], "executed_branches": [], "missing_branches": []}}, "classes": {"Environment": {"executed_lines": [], "summary": {"covered_lines": 0, "num_statements": 0, "percent_covered": 100.0, "percent_covered_display": "100.00", "missing_lines": 0, "excluded_lines": 0, "num_branches": 0, "num_partial_branches": 0, "covered_branches": 0, "missing_branches": 0}, "missing_lines": [], "excluded_lines": [], "executed_branches": [], "missing_branches": []}, "LogLevel": {"executed_lines": [], "summary": {"covered_lines": 0, "num_statements": 0, "percent_covered": 100.0, "percent_covered_display": "100.00", "missing_lines": 0, "excluded_lines": 0, "num_branches": 0, "num_partial_branches": 0, "covered_branches": 0, "missing_branches": 0}, "missing_lines": [], "excluded_lines": [], "executed_branches": [], "missing_branches": []}, "LogFormat": {"executed_lines": [], "summary": {"covered_lines": 0, "num_statements": 0, "percent_covered": 100.0, "percent_covered_display": "100.00", "missing_lines": 0, "excluded_lines": 0, "num_branches": 0, "num_partial_branches": 0, "covered_branches": 0, "missing_branches": 0}, "missing_lines": [], "excluded_lines": [], "executed_branches": [], "missing_branches": []}, "APIConfig": {"executed_lines": [152, 153, 156, 157, 159, 163, 169, 175, 176, 177], "summary": {"covered_lines": 10, "num_statements": 13, "percent_covered": 73.91304347826087, "percent_covered_display": "73.91", "missing_lines": 3, "excluded_lines": 0, "num_branches": 10, "num_partial_branches": 3, "covered_branches": 7, "missing_branches": 3}, "missing_lines": [160, 164, 170], "excluded_lines": [], "executed_branches": [[152, 153], [152, 156], [159, 163], [163, 169], [169, 175], [175, 176], [175, 177]], "missing_branches": [[159, 160], [163, 164], [169, 170]]}, "LogConfig": {"executed_lines": [205, 206, 208, 209], "summary": {"covered_lines": 4, "num_statements": 4, "percent_covered": 100.0, "percent_covered_display": "100.00", "missing_lines": 0, "excluded_lines": 0, "num_branches": 2, "num_partial_branches": 0, "covered_branches": 2, "missing_branches": 0}, "missing_lines": [], "excluded_lines": [], "executed_branches": [[205, 206], [205, 209]], "missing_branches": []}, "TestConfig": {"executed_lines": [], "summary": {"covered_lines": 0, "num_statements": 0, "percent_covered": 100.0, "percent_covered_display": "100.00", "missing_lines": 0, "excluded_lines": 0, "num_branches": 0, "num_partial_branches": 0, "covered_branches": 0, "missing_branches": 0}, "missing_lines": [], "excluded_lines": [], "executed_branches": [], "missing_branches": []}, "SecurityConfig": {"executed_lines": [], "summary": {"covered_lines": 0, "num_statements": 0, "percent_covered": 100.0, "percent_covered_display": "100.00", "missing_lines": 0, "excluded_lines": 0, "num_branches": 0, "num_partial_branches": 0, "covered_branches": 0, "missing_branches": 0}, "missing_lines": [], "excluded_lines": [], "executed_branches": [], "missing_branches": []}, "Settings": {"executed_lines": [292, 293, 294, 308, 309, 310, 314, 318, 322, 326, 344, 351, 355, 357, 359, 360, 361, 362, 363, 364, 366], "summary": {"covered_lines": 21, "num_statements": 21, "percent_covered": 94.28571428571429, "percent_covered_display": "94.29", "missing_lines": 0, "excluded_lines": 0, "num_branches": 14, "num_partial_branches": 2, "covered_branches": 12, "missing_branches": 2}, "missing_lines": [], "excluded_lines": [], "executed_branches": [[292, 293], [308, 309], [308, 314], [309, 310], [309, 314], [357, 359], [357, 366], [359, 360], [361, 362], [361, 363], [363, 364], [363, 366]], "missing_branches": [[292, 294], [359, 366]]}, "": {"executed_lines": [1, 11, 12, 13, 14, 15, 16, 17, 18, 20, 21, 28, 34, 35, 39, 53, 56, 68, 77, 79, 81, 83, 84, 85, 86, 87, 89, 97, 98, 100, 101, 102, 103, 106, 107, 109, 110, 111, 112, 113, 116, 117, 119, 120, 128, 129, 131, 134, 137, 138, 139, 140, 142, 143, 144, 185, 186, 188, 189, 190, 191, 196, 199, 201, 202, 203, 217, 218, 220, 223, 226, 227, 230, 231, 239, 240, 242, 243, 246, 249, 250, 255, 263, 264, 267, 277, 278, 279, 280, 283, 284, 285, 286, 288, 289, 290, 296, 297, 316, 320, 324, 328, 353, 374, 377, 380, 381, 382, 385, 388, 389, 393, 401, 413, 427], "summary": {"covered_lines": 106, "num_statements": 111, "percent_covered": 94.78260869565217, "percent_covered_display": "94.78", "missing_lines": 5, "excluded_lines": 0, "num_branches": 4, "num_partial_branches": 1, "covered_branches": 3, "missing_branches": 1}, "missing_lines": [36, 80, 403, 415, 429], "excluded_lines": [], "executed_branches": [[35, 39], [380, 381], [380, 382]], "missing_branches": [[35, 36]]}}}, "models/responses.py": {"executed_lines": [], "summary": {"covered_lines": 0, "num_statements": 78, "percent_covered": 0.0, "percent_covered_display": "0.00", "missing_lines": 78, "excluded_lines": 0, "num_branches": 2, "num_partial_branches": 0, "covered_branches": 0, "missing_branches": 2}, "missing_lines": [17, 19, 26, 42, 43, 45, 53, 66, 67, 68, 69, 71, 73, 74, 75, 87, 90, 104, 105, 106, 107, 108, 110, 112, 113, 114, 126, 134, 146, 147, 150, 152, 154, 155, 156, 168, 171, 186, 187, 188, 189, 190, 191, 193, 195, 196, 197, 209, 217, 230, 231, 232, 233, 235, 237, 238, 239, 251, 254, 266, 267, 268, 270, 272, 273, 274, 286, 289, 303, 304, 305, 306, 307, 311, 313, 314, 315, 327], "excluded_lines": [], "executed_branches": [], "missing_branches": [[42, 43], [42, 45]], "functions": {"sanitize_user_content": {"executed_lines": [], "summary": {"covered_lines": 0, "num_statements": 3, "percent_covered": 0.0, "percent_covered_display": "0.00", "missing_lines": 3, "excluded_lines": 0, "num_branches": 2, "num_partial_branches": 0, "covered_branches": 0, "missing_branches": 2}, "missing_lines": [42, 43, 45], "excluded_lines": [], "executed_branches": [], "missing_branches": [[42, 43], [42, 45]]}, "Post.sanitize_post_content": {"executed_lines": [], "summary": {"covered_lines": 0, "num_statements": 1, "percent_covered": 0.0, "percent_covered_display": "0.00", "missing_lines": 1, "excluded_lines": 0, "num_branches": 0, "num_partial_branches": 0, "covered_branches": 0, "missing_branches": 0}, "missing_lines": [87], "excluded_lines": [], "executed_branches": [], "missing_branches": []}, "Comment.sanitize_comment_content": {"executed_lines": [], "summary": {"covered_lines": 0, "num_statements": 1, "percent_covered": 0.0, "percent_covered_display": "0.00", "missing_lines": 1, "excluded_lines": 0, "num_branches": 0, "num_partial_branches": 0, "covered_branches": 0, "missing_branches": 0}, "missing_lines": [126], "excluded_lines": [], "executed_branches": [], "missing_branches": []}, "Company.sanitize_company_content": {"executed_lines": [], "summary": {"covered_lines": 0, "num_statements": 1, "percent_covered": 0.0, "percent_covered_display": "0.00", "missing_lines": 1, "excluded_lines": 0, "num_branches": 0, "num_partial_branches": 0, "covered_branches": 0, "missing_branches": 0}, "missing_lines": [168], "excluded_lines": [], "executed_branches": [], "missing_branches": []}, "User.sanitize_user_fields": {"executed_lines": [], "summary": {"covered_lines": 0, "num_statements": 1, "percent_covered": 0.0, "percent_covered_display": "0.00", "missing_lines": 1, "excluded_lines": 0, "num_branches": 0, "num_partial_branches": 0, "covered_branches": 0, "missing_branches": 0}, "missing_lines": [209], "excluded_lines": [], "executed_branches": [], "missing_branches": []}, "Todo.sanitize_todo_title": {"executed_lines": [], "summary": {"covered_lines": 0, "num_statements": 1, "percent_covered": 0.0, "percent_covered_display": "0.00", "missing_lines": 1, "excluded_lines": 0, "num_branches": 0, "num_partial_branches": 0, "covered_branches": 0, "missing_branches": 0}, "missing_lines": [251], "excluded_lines": [], "executed_branches": [], "missing_branches": []}, "Album.sanitize_album_title": {"executed_lines": [], "summary": {"covered_lines": 0, "num_statements": 1, "percent_covered": 0.0, "percent_covered_display": "0.00", "missing_lines": 1, "excluded_lines": 0, "num_branches": 0, "num_partial_branches": 0, "covered_branches": 0, "missing_branches": 0}, "missing_lines": [286], "excluded_lines": [], "executed_branches": [], "missing_branches": []}, "Photo.sanitize_photo_title": {"executed_lines": [], "summary": {"covered_lines": 0, "num_statements": 1, "percent_covered": 0.0, "percent_covered_display": "0.00", "missing_lines": 1, "excluded_lines": 0, "num_branches": 0, "num_partial_branches": 0, "covered_branches": 0, "missing_branches": 0}, "missing_lines": [327], "excluded_lines": [], "executed_branches": [], "missing_branches": []}, "": {"executed_lines": [], "summary": {"covered_lines": 0, "num_statements": 68, "percent_covered": 0.0, "percent_covered_display": "0.00", "missing_lines": 68, "excluded_lines": 0, "num_branches": 0, "num_partial_branches": 0, "covered_branches": 0, "missing_branches": 0}, "missing_lines": [17, 19, 26, 53, 66, 67, 68, 69, 71, 73, 74, 75, 90, 104, 105, 106, 107, 108, 110, 112, 113, 114, 134, 146, 147, 150, 152, 154, 155, 156, 171, 186, 187, 188, 189, 190, 191, 193, 195, 196, 197, 217, 230, 231, 232, 233, 235, 237, 238, 239, 254, 266, 267, 268, 270, 272, 273, 274, 289, 303, 304, 305, 306, 307, 311, 313, 314, 315], "excluded_lines": [], "executed_branches": [], "missing_branches": []}}, "classes": {"Post": {"executed_lines": [], "summary": {"covered_lines": 0, "num_statements": 1, "percent_covered": 0.0, "percent_covered_display": "0.00", "missing_lines": 1, "excluded_lines": 0, "num_branches": 0, "num_partial_branches": 0, "covered_branches": 0, "missing_branches": 0}, "missing_lines": [87], "excluded_lines": [], "executed_branches": [], "missing_branches": []}, "Comment": {"executed_lines": [], "summary": {"covered_lines": 0, "num_statements": 1, "percent_covered": 0.0, "percent_covered_display": "0.00", "missing_lines": 1, "excluded_lines": 0, "num_branches": 0, "num_partial_branches": 0, "covered_branches": 0, "missing_branches": 0}, "missing_lines": [126], "excluded_lines": [], "executed_branches": [], "missing_branches": []}, "Company": {"executed_lines": [], "summary": {"covered_lines": 0, "num_statements": 1, "percent_covered": 0.0, "percent_covered_display": "0.00", "missing_lines": 1, "excluded_lines": 0, "num_branches": 0, "num_partial_branches": 0, "covered_branches": 0, "missing_branches": 0}, "missing_lines": [168], "excluded_lines": [], "executed_branches": [], "missing_branches": []}, "User": {"executed_lines": [], "summary": {"covered_lines": 0, "num_statements": 1, "percent_covered": 0.0, "percent_covered_display": "0.00", "missing_lines": 1, "excluded_lines": 0, "num_branches": 0, "num_partial_branches": 0, "covered_branches": 0, "missing_branches": 0}, "missing_lines": [209], "excluded_lines": [], "executed_branches": [], "missing_branches": []}, "Todo": {"executed_lines": [], "summary": {"covered_lines": 0, "num_statements": 1, "percent_covered": 0.0, "percent_covered_display": "0.00", "missing_lines": 1, "excluded_lines": 0, "num_branches": 0, "num_partial_branches": 0, "covered_branches": 0, "missing_branches": 0}, "missing_lines": [251], "excluded_lines": [], "executed_branches": [], "missing_branches": []}, "Album": {"executed_lines": [], "summary": {"covered_lines": 0, "num_statements": 1, "percent_covered": 0.0, "percent_covered_display": "0.00", "missing_lines": 1, "excluded_lines": 0, "num_branches": 0, "num_partial_branches": 0, "covered_branches": 0, "missing_branches": 0}, "missing_lines": [286], "excluded_lines": [], "executed_branches": [], "missing_branches": []}, "Photo": {"executed_lines": [], "summary": {"covered_lines": 0, "num_statements": 1, "percent_covered": 0.0, "percent_covered_display": "0.00", "missing_lines": 1, "excluded_lines": 0, "num_branches": 0, "num_partial_branches": 0, "covered_branches": 0, "missing_branches": 0}, "missing_lines": [327], "excluded_lines": [], "executed_branches": [], "missing_branches": []}, "": {"executed_lines": [], "summary": {"covered_lines": 0, "num_statements": 71, "percent_covered": 0.0, "percent_covered_display": "0.00", "missing_lines": 71, "excluded_lines": 0, "num_branches": 2, "num_partial_branches": 0, "covered_branches": 0, "missing_branches": 2}, "missing_lines": [17, 19, 26, 42, 43, 45, 53, 66, 67, 68, 69, 71, 73, 74, 75, 90, 104, 105, 106, 107, 108, 110, 112, 113, 114, 134, 146, 147, 150, 152, 154, 155, 156, 171, 186, 187, 188, 189, 190, 191, 193, 195, 196, 197, 217, 230, 231, 232, 233, 235, 237, 238, 239, 254, 266, 267, 268, 270, 272, 273, 274, 289, 303, 304, 305, 306, 307, 311, 313, 314, 315], "excluded_lines": [], "executed_branches": [], "missing_branches": [[42, 43], [42, 45]]}}}, "utils/api_client.py": {"executed_lines": [1, 11, 12, 13, 14, 16, 18, 21, 39, 41, 42, 44, 52, 53, 55, 58, 59, 61, 64, 65, 67, 70, 71, 73, 74, 75, 76, 79, 80, 82, 85, 86, 88, 93, 105, 106, 119, 120, 129, 146, 147, 148, 149, 152, 157, 158, 161, 164, 171, 173, 175, 177, 179, 181, 183, 184, 185, 187, 285, 294, 306, 316, 320, 338, 339, 356, 365, 370, 377, 382, 388, 406, 411, 417, 423, 432, 441, 455, 456, 465, 482, 483, 484, 485, 488, 493, 494, 497, 500, 507, 509, 511, 513, 515, 517, 519, 520, 521, 523, 543, 545, 547, 548, 550, 551, 556, 559, 562, 563, 564, 567, 569, 571, 572, 575, 582, 585, 591, 592, 593, 595, 596, 597, 599, 600, 601, 604, 605, 608, 612, 615, 616, 620, 627, 629, 637, 641, 649, 653, 655, 657, 670, 671, 688, 690, 691, 692, 694, 695, 697, 699, 700, 702, 704, 705, 706, 708, 710, 711, 712, 714, 716, 719, 721, 722, 724, 726, 727, 730, 737, 738, 739, 740, 742, 743, 745, 746, 748, 750, 751, 753, 757, 758, 759, 761, 767, 769, 770, 772, 782, 784, 785, 787, 788, 791, 793, 794, 795, 797, 798, 800, 802, 803, 805, 806, 809, 837, 847, 894], "summary": {"covered_lines": 197, "num_statements": 327, "percent_covered": 57.36434108527132, "percent_covered_display": "57.36", "missing_lines": 130, "excluded_lines": 3, "num_branches": 60, "num_partial_branches": 5, "covered_branches": 25, "missing_branches": 35}, "missing_lines": [89, 90, 107, 108, 205, 207, 208, 210, 211, 216, 219, 222, 223, 224, 227, 229, 231, 232, 235, 242, 245, 251, 252, 253, 255, 256, 257, 259, 262, 263, 265, 266, 269, 270, 273, 277, 280, 281, 292, 302, 314, 318, 328, 358, 359, 360, 362, 363, 367, 368, 372, 373, 374, 379, 380, 384, 385, 395, 396, 397, 398, 399, 400, 401, 403, 404, 408, 409, 413, 414, 415, 419, 420, 425, 426, 428, 429, 434, 435, 436, 438, 439, 443, 444, 446, 447, 665, 741, 763, 764, 774, 777, 778, 779, 811, 814, 815, 816, 817, 820, 824, 839, 849, 851, 852, 853, 855, 856, 857, 858, 861, 862, 863, 864, 865, 868, 869, 870, 871, 872, 875, 876, 881, 882, 884, 885, 886, 887, 889, 891], "excluded_lines": [894, 896, 901], "executed_branches": [[157, 158], [157, 161], [183, 184], [493, 494], [493, 497], [519, 520], [547, 548], [547, 615], [550, 551], [550, 556], [571, 572], [571, 582], [604, 547], [604, 605], [691, 692], [691, 694], [738, 739], [740, 742], [742, 743], [784, 785], [784, 787], [794, 795], [794, 797], [802, 803], [802, 805]], "missing_branches": [[183, -181], [207, 208], [207, 280], [210, 211], [210, 216], [231, 232], [231, 242], [262, 263], [262, 265], [269, 207], [269, 270], [359, 360], [359, 362], [396, 397], [396, 398], [398, 399], [398, 400], [400, 401], [400, 403], [425, 426], [425, 428], [435, 436], [435, 438], [443, 444], [443, 446], [519, -517], [738, 740], [740, 741], [742, 745], [857, 858], [857, 861], [870, 871], [870, 875], [886, 887], [886, 891]], "functions": {"exponential_backoff_with_jitter": {"executed_lines": [39, 41, 42, 44], "summary": {"covered_lines": 4, "num_statements": 4, "percent_covered": 100.0, "percent_covered_display": "100.00", "missing_lines": 0, "excluded_lines": 0, "num_branches": 0, "num_partial_branches": 0, "covered_branches": 0, "missing_branches": 0}, "missing_lines": [], "excluded_lines": [], "executed_branches": [], "missing_branches": []}, "APIHTTPError.__init__": {"executed_lines": [74, 75, 76], "summary": {"covered_lines": 3, "num_statements": 3, "percent_covered": 100.0, "percent_covered_display": "100.00", "missing_lines": 0, "excluded_lines": 0, "num_branches": 0, "num_partial_branches": 0, "covered_branches": 0, "missing_branches": 0}, "missing_lines": [], "excluded_lines": [], "executed_branches": [], "missing_branches": []}, "APIJSONDecodeError.__init__": {"executed_lines": [], "summary": {"covered_lines": 0, "num_statements": 2, "percent_covered": 0.0, "percent_covered_display": "0.00", "missing_lines": 2, "excluded_lines": 0, "num_branches": 0, "num_partial_branches": 0, "covered_branches": 0, "missing_branches": 0}, "missing_lines": [89, 90], "excluded_lines": [], "executed_branches": [], "missing_branches": []}, "_safe_parse_json": {"executed_lines": [105, 106], "summary": {"covered_lines": 2, "num_statements": 4, "percent_covered": 50.0, "percent_covered_display": "50.00", "missing_lines": 2, "excluded_lines": 0, "num_branches": 0, "num_partial_branches": 0, "covered_branches": 0, "missing_branches": 0}, "missing_lines": [107, 108], "excluded_lines": [], "executed_branches": [], "missing_branches": []}, "BaseAPIClient.__init__": {"executed_lines": [146, 147, 148, 149, 152, 157, 158, 161, 164, 171], "summary": {"covered_lines": 10, "num_statements": 10, "percent_covered": 100.0, "percent_covered_display": "100.00", "missing_lines": 0, "excluded_lines": 0, "num_branches": 2, "num_partial_branches": 0, "covered_branches": 2, "missing_branches": 0}, "missing_lines": [], "excluded_lines": [], "executed_branches": [[157, 158], [157, 161]], "missing_branches": []}, "BaseAPIClient.__enter__": {"executed_lines": [175], "summary": {"covered_lines": 1, "num_statements": 1, "percent_covered": 100.0, "percent_covered_display": "100.00", "missing_lines": 0, "excluded_lines": 0, "num_branches": 0, "num_partial_branches": 0, "covered_branches": 0, "missing_branches": 0}, "missing_lines": [], "excluded_lines": [], "executed_branches": [], "missing_branches": []}, "BaseAPIClient.__exit__": {"executed_lines": [179], "summary": {"covered_lines": 1, "num_statements": 1, "percent_covered": 100.0, "percent_covered_display": "100.00", "missing_lines": 0, "excluded_lines": 0, "num_branches": 0, "num_partial_branches": 0, "covered_branches": 0, "missing_branches": 0}, "missing_lines": [], "excluded_lines": [], "executed_branches": [], "missing_branches": []}, "BaseAPIClient.close": {"executed_lines": [183, 184, 185], "summary": {"covered_lines": 3, "num_statements": 3, "percent_covered": 80.0, "percent_covered_display": "80.00", "missing_lines": 0, "excluded_lines": 0, "num_branches": 2, "num_partial_branches": 1, "covered_branches": 1, "missing_branches": 1}, "missing_lines": [], "excluded_lines": [], "executed_branches": [[183, 184]], "missing_branches": [[183, -181]]}, "BaseAPIClient._make_request_with_retry": {"executed_lines": [], "summary": {"covered_lines": 0, "num_statements": 34, "percent_covered": 0.0, "percent_covered_display": "0.00", "missing_lines": 34, "excluded_lines": 0, "num_branches": 10, "num_partial_branches": 0, "covered_branches": 0, "missing_branches": 10}, "missing_lines": [205, 207, 208, 210, 211, 216, 219, 222, 223, 224, 227, 229, 231, 232, 235, 242, 245, 251, 252, 253, 255, 256, 257, 259, 262, 263, 265, 266, 269, 270, 273, 277, 280, 281], "excluded_lines": [], "executed_branches": [], "missing_branches": [[207, 208], [207, 280], [210, 211], [210, 216], [231, 232], [231, 242], [262, 263], [262, 265], [269, 207], [269, 270]]}, "BaseAPIClient.get": {"executed_lines": [], "summary": {"covered_lines": 0, "num_statements": 1, "percent_covered": 0.0, "percent_covered_display": "0.00", "missing_lines": 1, "excluded_lines": 0, "num_branches": 0, "num_partial_branches": 0, "covered_branches": 0, "missing_branches": 0}, "missing_lines": [292], "excluded_lines": [], "executed_branches": [], "missing_branches": []}, "BaseAPIClient.post": {"executed_lines": [], "summary": {"covered_lines": 0, "num_statements": 1, "percent_covered": 0.0, "percent_covered_display": "0.00", "missing_lines": 1, "excluded_lines": 0, "num_branches": 0, "num_partial_branches": 0, "covered_branches": 0, "missing_branches": 0}, "missing_lines": [302], "excluded_lines": [], "executed_branches": [], "missing_branches": []}, "BaseAPIClient.put": {"executed_lines": [], "summary": {"covered_lines": 0, "num_statements": 1, "percent_covered": 0.0, "percent_covered_display": "0.00", "missing_lines": 1, "excluded_lines": 0, "num_branches": 0, "num_partial_branches": 0, "covered_branches": 0, "missing_branches": 0}, "missing_lines": [314], "excluded_lines": [], "executed_branches": [], "missing_branches": []}, "BaseAPIClient.delete": {"executed_lines": [], "summary": {"covered_lines": 0, "num_statements": 1, "percent_covered": 0.0, "percent_covered_display": "0.00", "missing_lines": 1, "excluded_lines": 0, "num_branches": 0, "num_partial_branches": 0, "covered_branches": 0, "missing_branches": 0}, "missing_lines": [318], "excluded_lines": [], "executed_branches": [], "missing_branches": []}, "BaseAPIClient.patch": {"executed_lines": [], "summary": {"covered_lines": 0, "num_statements": 1, "percent_covered": 0.0, "percent_covered_display": "0.00", "missing_lines": 1, "excluded_lines": 0, "num_branches": 0, "num_partial_branches": 0, "covered_branches": 0, "missing_branches": 0}, "missing_lines": [328], "excluded_lines": [], "executed_branches": [], "missing_branches": []}, "JSONPlaceholderClient.get_posts": {"executed_lines": [], "summary": {"covered_lines": 0, "num_statements": 5, "percent_covered": 0.0, "percent_covered_display": "0.00", "missing_lines": 5, "excluded_lines": 0, "num_branches": 2, "num_partial_branches": 0, "covered_branches": 0, "missing_branches": 2}, "missing_lines": [358, 359, 360, 362, 363], "excluded_lines": [], "executed_branches": [], "missing_branches": [[359, 360], [359, 362]]}, "JSONPlaceholderClient.get_post": {"executed_lines": [], "summary": {"covered_lines": 0, "num_statements": 2, "percent_covered": 0.0, "percent_covered_display": "0.00", "missing_lines": 2, "excluded_lines": 0, "num_branches": 0, "num_partial_branches": 0, "covered_branches": 0, "missing_branches": 0}, "missing_lines": [367, 368], "excluded_lines": [], "executed_branches": [], "missing_branches": []}, "JSONPlaceholderClient.create_post": {"executed_lines": [], "summary": {"covered_lines": 0, "num_statements": 3, "percent_covered": 0.0, "percent_covered_display": "0.00", "missing_lines": 3, "excluded_lines": 0, "num_branches": 0, "num_partial_branches": 0, "covered_branches": 0, "missing_branches": 0}, "missing_lines": [372, 373, 374], "excluded_lines": [], "executed_branches": [], "missing_branches": []}, "JSONPlaceholderClient.get_users": {"executed_lines": [], "summary": {"covered_lines": 0, "num_statements": 2, "percent_covered": 0.0, "percent_covered_display": "0.00", "missing_lines": 2, "excluded_lines": 0, "num_branches": 0, "num_partial_branches": 0, "covered_branches": 0, "missing_branches": 0}, "missing_lines": [379, 380], "excluded_lines": [], "executed_branches": [], "missing_branches": []}, "JSONPlaceholderClient.get_user": {"executed_lines": [], "summary": {"covered_lines": 0, "num_statements": 2, "percent_covered": 0.0, "percent_covered_display": "0.00", "missing_lines": 2, "excluded_lines": 0, "num_branches": 0, "num_partial_branches": 0, "covered_branches": 0, "missing_branches": 0}, "missing_lines": [384, 385], "excluded_lines": [], "executed_branches": [], "missing_branches": []}, "JSONPlaceholderClient.get_todos": {"executed_lines": [], "summary": {"covered_lines": 0, "num_statements": 9, "percent_covered": 0.0, "percent_covered_display": "0.00", "missing_lines": 9, "excluded_lines": 0, "num_branches": 6, "num_partial_branches": 0, "covered_branches": 0, "missing_branches": 6}, "missing_lines": [395, 396, 397, 398, 399, 400, 401, 403, 404], "excluded_lines": [], "executed_branches": [], "missing_branches": [[396, 397], [396, 398], [398, 399], [398, 400], [400, 401], [400, 403]]}, "JSONPlaceholderClient.get_todo": {"executed_lines": [], "summary": {"covered_lines": 0, "num_statements": 2, "percent_covered": 0.0, "percent_covered_display": "0.00", "missing_lines": 2, "excluded_lines": 0, "num_branches": 0, "num_partial_branches": 0, "covered_branches": 0, "missing_branches": 0}, "missing_lines": [408, 409], "excluded_lines": [], "executed_branches": [], "missing_branches": []}, "JSONPlaceholderClient.create_todo": {"executed_lines": [], "summary": {"covered_lines": 0, "num_statements": 3, "percent_covered": 0.0, "percent_covered_display": "0.00", "missing_lines": 3, "excluded_lines": 0, "num_branches": 0, "num_partial_branches": 0, "covered_branches": 0, "missing_branches": 0}, "missing_lines": [413, 414, 415], "excluded_lines": [], "executed_branches": [], "missing_branches": []}, "JSONPlaceholderClient.update_todo": {"executed_lines": [], "summary": {"covered_lines": 0, "num_statements": 2, "percent_covered": 0.0, "percent_covered_display": "0.00", "missing_lines": 2, "excluded_lines": 0, "num_branches": 0, "num_partial_branches": 0, "covered_branches": 0, "missing_branches": 0}, "missing_lines": [419, 420], "excluded_lines": [], "executed_branches": [], "missing_branches": []}, "JSONPlaceholderClient.get_comments": {"executed_lines": [], "summary": {"covered_lines": 0, "num_statements": 4, "percent_covered": 0.0, "percent_covered_display": "0.00", "missing_lines": 4, "excluded_lines": 0, "num_branches": 2, "num_partial_branches": 0, "covered_branches": 0, "missing_branches": 2}, "missing_lines": [425, 426, 428, 429], "excluded_lines": [], "executed_branches": [], "missing_branches": [[425, 426], [425, 428]]}, "JSONPlaceholderClient.get_albums": {"executed_lines": [], "summary": {"covered_lines": 0, "num_statements": 5, "percent_covered": 0.0, "percent_covered_display": "0.00", "missing_lines": 5, "excluded_lines": 0, "num_branches": 2, "num_partial_branches": 0, "covered_branches": 0, "missing_branches": 2}, "missing_lines": [434, 435, 436, 438, 439], "excluded_lines": [], "executed_branches": [], "missing_branches": [[435, 436], [435, 438]]}, "JSONPlaceholderClient.get_photos": {"executed_lines": [], "summary": {"covered_lines": 0, "num_statements": 4, "percent_covered": 0.0, "percent_covered_display": "0.00", "missing_lines": 4, "excluded_lines": 0, "num_branches": 2, "num_partial_branches": 0, "covered_branches": 0, "missing_branches": 2}, "missing_lines": [443, 444, 446, 447], "excluded_lines": [], "executed_branches": [], "missing_branches": [[443, 444], [443, 446]]}, "AsyncAPIClient.__init__": {"executed_lines": [482, 483, 484, 485, 488, 493, 494, 497, 500, 507], "summary": {"covered_lines": 10, "num_statements": 10, "percent_covered": 100.0, "percent_covered_display": "100.00", "missing_lines": 0, "excluded_lines": 0, "num_branches": 2, "num_partial_branches": 0, "covered_branches": 2, "missing_branches": 0}, "missing_lines": [], "excluded_lines": [], "executed_branches": [[493, 494], [493, 497]], "missing_branches": []}, "AsyncAPIClient.__aenter__": {"executed_lines": [511], "summary": {"covered_lines": 1, "num_statements": 1, "percent_covered": 100.0, "percent_covered_display": "100.00", "missing_lines": 0, "excluded_lines": 0, "num_branches": 0, "num_partial_branches": 0, "covered_branches": 0, "missing_branches": 0}, "missing_lines": [], "excluded_lines": [], "executed_branches": [], "missing_branches": []}, "AsyncAPIClient.__aexit__": {"executed_lines": [515], "summary": {"covered_lines": 1, "num_statements": 1, "percent_covered": 100.0, "percent_covered_display": "100.00", "missing_lines": 0, "excluded_lines": 0, "num_branches": 0, "num_partial_branches": 0, "covered_branches": 0, "missing_branches": 0}, "missing_lines": [], "excluded_lines": [], "executed_branches": [], "missing_branches": []}, "AsyncAPIClient.aclose": {"executed_lines": [519, 520, 521], "summary": {"covered_lines": 3, "num_statements": 3, "percent_covered": 80.0, "percent_covered_display": "80.00", "missing_lines": 0, "excluded_lines": 0, "num_branches": 2, "num_partial_branches": 1, "covered_branches": 1, "missing_branches": 1}, "missing_lines": [], "excluded_lines": [], "executed_branches": [[519, 520]], "missing_branches": [[519, -517]]}, "AsyncAPIClient._make_request_with_retry": {"executed_lines": [543, 545, 547, 548, 550, 551, 556, 559, 562, 563, 564, 567, 569, 571, 572, 575, 582, 585, 591, 592, 593, 595, 596, 597, 599, 600, 601, 604, 605, 608, 612, 615, 616], "summary": {"covered_lines": 33, "num_statements": 33, "percent_covered": 100.0, "percent_covered_display": "100.00", "missing_lines": 0, "excluded_lines": 0, "num_branches": 8, "num_partial_branches": 0, "covered_branches": 8, "missing_branches": 0}, "missing_lines": [], "excluded_lines": [], "executed_branches": [[547, 548], [547, 615], [550, 551], [550, 556], [571, 572], [571, 582], [604, 547], [604, 605]], "missing_branches": []}, "AsyncAPIClient.get": {"executed_lines": [627], "summary": {"covered_lines": 1, "num_statements": 1, "percent_covered": 100.0, "percent_covered_display": "100.00", "missing_lines": 0, "excluded_lines": 0, "num_branches": 0, "num_partial_branches": 0, "covered_branches": 0, "missing_branches": 0}, "missing_lines": [], "excluded_lines": [], "executed_branches": [], "missing_branches": []}, "AsyncAPIClient.post": {"executed_lines": [637], "summary": {"covered_lines": 1, "num_statements": 1, "percent_covered": 100.0, "percent_covered_display": "100.00", "missing_lines": 0, "excluded_lines": 0, "num_branches": 0, "num_partial_branches": 0, "covered_branches": 0, "missing_branches": 0}, "missing_lines": [], "excluded_lines": [], "executed_branches": [], "missing_branches": []}, "AsyncAPIClient.put": {"executed_lines": [649], "summary": {"covered_lines": 1, "num_statements": 1, "percent_covered": 100.0, "percent_covered_display": "100.00", "missing_lines": 0, "excluded_lines": 0, "num_branches": 0, "num_partial_branches": 0, "covered_branches": 0, "missing_branches": 0}, "missing_lines": [], "excluded_lines": [], "executed_branches": [], "missing_branches": []}, "AsyncAPIClient.delete": {"executed_lines": [655], "summary": {"covered_lines": 1, "num_statements": 1, "percent_covered": 100.0, "percent_covered_display": "100.00", "missing_lines": 0, "excluded_lines": 0, "num_branches": 0, "num_partial_branches": 0, "covered_branches": 0, "missing_branches": 0}, "missing_lines": [], "excluded_lines": [], "executed_branches": [], "missing_branches": []}, "AsyncAPIClient.patch": {"executed_lines": [], "summary": {"covered_lines": 0, "num_statements": 1, "percent_covered": 0.0, "percent_covered_display": "0.00", "missing_lines": 1, "excluded_lines": 0, "num_branches": 0, "num_partial_branches": 0, "covered_branches": 0, "missing_branches": 0}, "missing_lines": [665], "excluded_lines": [], "executed_branches": [], "missing_branches": []}, "AsyncJSONPlaceholderClient.get_posts": {"executed_lines": [690, 691, 692, 694, 695], "summary": {"covered_lines": 5, "num_statements": 5, "percent_covered": 100.0, "percent_covered_display": "100.00", "missing_lines": 0, "excluded_lines": 0, "num_branches": 2, "num_partial_branches": 0, "covered_branches": 2, "missing_branches": 0}, "missing_lines": [], "excluded_lines": [], "executed_branches": [[691, 692], [691, 694]], "missing_branches": []}, "AsyncJSONPlaceholderClient.get_post": {"executed_lines": [699, 700], "summary": {"covered_lines": 2, "num_statements": 2, "percent_covered": 100.0, "percent_covered_display": "100.00", "missing_lines": 0, "excluded_lines": 0, "num_branches": 0, "num_partial_branches": 0, "covered_branches": 0, "missing_branches": 0}, "missing_lines": [], "excluded_lines": [], "executed_branches": [], "missing_branches": []}, "AsyncJSONPlaceholderClient.create_post": {"executed_lines": [704, 705, 706], "summary": {"covered_lines": 3, "num_statements": 3, "percent_covered": 100.0, "percent_covered_display": "100.00", "missing_lines": 0, "excluded_lines": 0, "num_branches": 0, "num_partial_branches": 0, "covered_branches": 0, "missing_branches": 0}, "missing_lines": [], "excluded_lines": [], "executed_branches": [], "missing_branches": []}, "AsyncJSONPlaceholderClient.update_post": {"executed_lines": [710, 711, 712], "summary": {"covered_lines": 3, "num_statements": 3, "percent_covered": 100.0, "percent_covered_display": "100.00", "missing_lines": 0, "excluded_lines": 0, "num_branches": 0, "num_partial_branches": 0, "covered_branches": 0, "missing_branches": 0}, "missing_lines": [], "excluded_lines": [], "executed_branches": [], "missing_branches": []}, "AsyncJSONPlaceholderClient.delete_post": {"executed_lines": [716], "summary": {"covered_lines": 1, "num_statements": 1, "percent_covered": 100.0, "percent_covered_display": "100.00", "missing_lines": 0, "excluded_lines": 0, "num_branches": 0, "num_partial_branches": 0, "covered_branches": 0, "missing_branches": 0}, "missing_lines": [], "excluded_lines": [], "executed_branches": [], "missing_branches": []}, "AsyncJSONPlaceholderClient.get_users": {"executed_lines": [721, 722], "summary": {"covered_lines": 2, "num_statements": 2, "percent_covered": 100.0, "percent_covered_display": "100.00", "missing_lines": 0, "excluded_lines": 0, "num_branches": 0, "num_partial_branches": 0, "covered_branches": 0, "missing_branches": 0}, "missing_lines": [], "excluded_lines": [], "executed_branches": [], "missing_branches": []}, "AsyncJSONPlaceholderClient.get_user": {"executed_lines": [726, 727], "summary": {"covered_lines": 2, "num_statements": 2, "percent_covered": 100.0, "percent_covered_display": "100.00", "missing_lines": 0, "excluded_lines": 0, "num_branches": 0, "num_partial_branches": 0, "covered_branches": 0, "missing_branches": 0}, "missing_lines": [], "excluded_lines": [], "executed_branches": [], "missing_branches": []}, "AsyncJSONPlaceholderClient.get_todos": {"executed_lines": [737, 738, 739, 740, 742, 743, 745, 746], "summary": {"covered_lines": 8, "num_statements": 9, "percent_covered": 73.33333333333333, "percent_covered_display": "73.33", "missing_lines": 1, "excluded_lines": 0, "num_branches": 6, "num_partial_branches": 3, "covered_branches": 3, "missing_branches": 3}, "missing_lines": [741], "excluded_lines": [], "executed_branches": [[738, 739], [740, 742], [742, 743]], "missing_branches": [[738, 740], [740, 741], [742, 745]]}, "AsyncJSONPlaceholderClient.get_todo": {"executed_lines": [750, 751], "summary": {"covered_lines": 2, "num_statements": 2, "percent_covered": 100.0, "percent_covered_display": "100.00", "missing_lines": 0, "excluded_lines": 0, "num_branches": 0, "num_partial_branches": 0, "covered_branches": 0, "missing_branches": 0}, "missing_lines": [], "excluded_lines": [], "executed_branches": [], "missing_branches": []}, "AsyncJSONPlaceholderClient.create_todo": {"executed_lines": [757, 758, 759], "summary": {"covered_lines": 3, "num_statements": 3, "percent_covered": 100.0, "percent_covered_display": "100.00", "missing_lines": 0, "excluded_lines": 0, "num_branches": 0, "num_partial_branches": 0, "covered_branches": 0, "missing_branches": 0}, "missing_lines": [], "excluded_lines": [], "executed_branches": [], "missing_branches": []}, "AsyncJSONPlaceholderClient.update_todo": {"executed_lines": [], "summary": {"covered_lines": 0, "num_statements": 2, "percent_covered": 0.0, "percent_covered_display": "0.00", "missing_lines": 2, "excluded_lines": 0, "num_branches": 0, "num_partial_branches": 0, "covered_branches": 0, "missing_branches": 0}, "missing_lines": [763, 764], "excluded_lines": [], "executed_branches": [], "missing_branches": []}, "AsyncJSONPlaceholderClient.create_user": {"executed_lines": [769, 770], "summary": {"covered_lines": 2, "num_statements": 2, "percent_covered": 100.0, "percent_covered_display": "100.00", "missing_lines": 0, "excluded_lines": 0, "num_branches": 0, "num_partial_branches": 0, "covered_branches": 0, "missing_branches": 0}, "missing_lines": [], "excluded_lines": [], "executed_branches": [], "missing_branches": []}, "AsyncJSONPlaceholderClient.bulk_create_users": {"executed_lines": [], "summary": {"covered_lines": 0, "num_statements": 4, "percent_covered": 0.0, "percent_covered_display": "0.00", "missing_lines": 4, "excluded_lines": 0, "num_branches": 0, "num_partial_branches": 0, "covered_branches": 0, "missing_branches": 0}, "missing_lines": [774, 777, 778, 779], "excluded_lines": [], "executed_branches": [], "missing_branches": []}, "AsyncJSONPlaceholderClient.get_comments": {"executed_lines": [784, 785, 787, 788], "summary": {"covered_lines": 4, "num_statements": 4, "percent_covered": 100.0, "percent_covered_display": "100.00", "missing_lines": 0, "excluded_lines": 0, "num_branches": 2, "num_partial_branches": 0, "covered_branches": 2, "missing_branches": 0}, "missing_lines": [], "excluded_lines": [], "executed_branches": [[784, 785], [784, 787]], "missing_branches": []}, "AsyncJSONPlaceholderClient.get_albums": {"executed_lines": [793, 794, 795, 797, 798], "summary": {"covered_lines": 5, "num_statements": 5, "percent_covered": 100.0, "percent_covered_display": "100.00", "missing_lines": 0, "excluded_lines": 0, "num_branches": 2, "num_partial_branches": 0, "covered_branches": 2, "missing_branches": 0}, "missing_lines": [], "excluded_lines": [], "executed_branches": [[794, 795], [794, 797]], "missing_branches": []}, "AsyncJSONPlaceholderClient.get_photos": {"executed_lines": [802, 803, 805, 806], "summary": {"covered_lines": 4, "num_statements": 4, "percent_covered": 100.0, "percent_covered_display": "100.00", "missing_lines": 0, "excluded_lines": 0, "num_branches": 2, "num_partial_branches": 0, "covered_branches": 2, "missing_branches": 0}, "missing_lines": [], "excluded_lines": [], "executed_branches": [[802, 803], [802, 805]], "missing_branches": []}, "AsyncJSONPlaceholderClient.get_user_data": {"executed_lines": [], "summary": {"covered_lines": 0, "num_statements": 7, "percent_covered": 0.0, "percent_covered_display": "0.00", "missing_lines": 7, "excluded_lines": 0, "num_branches": 0, "num_partial_branches": 0, "covered_branches": 0, "missing_branches": 0}, "missing_lines": [811, 814, 815, 816, 817, 820, 824], "excluded_lines": [], "executed_branches": [], "missing_branches": []}, "create_client": {"executed_lines": [], "summary": {"covered_lines": 0, "num_statements": 1, "percent_covered": 0.0, "percent_covered_display": "0.00", "missing_lines": 1, "excluded_lines": 0, "num_branches": 0, "num_partial_branches": 0, "covered_branches": 0, "missing_branches": 0}, "missing_lines": [839], "excluded_lines": [], "executed_branches": [], "missing_branches": []}, "main": {"executed_lines": [], "summary": {"covered_lines": 0, "num_statements": 28, "percent_covered": 0.0, "percent_covered_display": "0.00", "missing_lines": 28, "excluded_lines": 0, "num_branches": 6, "num_partial_branches": 0, "covered_branches": 0, "missing_branches": 6}, "missing_lines": [849, 851, 852, 853, 855, 856, 857, 858, 861, 862, 863, 864, 865, 868, 869, 870, 871, 872, 875, 876, 881, 882, 884, 885, 886, 887, 889, 891], "excluded_lines": [], "executed_branches": [], "missing_branches": [[857, 858], [857, 861], [870, 871], [870, 875], [886, 887], [886, 891]]}, "": {"executed_lines": [1, 11, 12, 13, 14, 16, 18, 21, 52, 53, 55, 58, 59, 61, 64, 65, 67, 70, 71, 73, 79, 80, 82, 85, 86, 88, 93, 119, 120, 129, 173, 177, 181, 187, 285, 294, 306, 316, 320, 338, 339, 356, 365, 370, 377, 382, 388, 406, 411, 417, 423, 432, 441, 455, 456, 465, 509, 513, 517, 523, 620, 629, 641, 653, 657, 670, 671, 688, 697, 702, 708, 714, 719, 724, 730, 748, 753, 761, 767, 772, 782, 791, 800, 809, 837, 847, 894], "summary": {"covered_lines": 75, "num_statements": 75, "percent_covered": 100.0, "percent_covered_display": "100.00", "missing_lines": 0, "excluded_lines": 3, "num_branches": 0, "num_partial_branches": 0, "covered_branches": 0, "missing_branches": 0}, "missing_lines": [], "excluded_lines": [894, 896, 901], "executed_branches": [], "missing_branches": []}}, "classes": {"APIClientError": {"executed_lines": [], "summary": {"covered_lines": 0, "num_statements": 0, "percent_covered": 100.0, "percent_covered_display": "100.00", "missing_lines": 0, "excluded_lines": 0, "num_branches": 0, "num_partial_branches": 0, "covered_branches": 0, "missing_branches": 0}, "missing_lines": [], "excluded_lines": [], "executed_branches": [], "missing_branches": []}, "APIConnectionError": {"executed_lines": [], "summary": {"covered_lines": 0, "num_statements": 0, "percent_covered": 100.0, "percent_covered_display": "100.00", "missing_lines": 0, "excluded_lines": 0, "num_branches": 0, "num_partial_branches": 0, "covered_branches": 0, "missing_branches": 0}, "missing_lines": [], "excluded_lines": [], "executed_branches": [], "missing_branches": []}, "APITimeoutError": {"executed_lines": [], "summary": {"covered_lines": 0, "num_statements": 0, "percent_covered": 100.0, "percent_covered_display": "100.00", "missing_lines": 0, "excluded_lines": 0, "num_branches": 0, "num_partial_branches": 0, "covered_branches": 0, "missing_branches": 0}, "missing_lines": [], "excluded_lines": [], "executed_branches": [], "missing_branches": []}, "APIHTTPError": {"executed_lines": [74, 75, 76], "summary": {"covered_lines": 3, "num_statements": 3, "percent_covered": 100.0, "percent_covered_display": "100.00", "missing_lines": 0, "excluded_lines": 0, "num_branches": 0, "num_partial_branches": 0, "covered_branches": 0, "missing_branches": 0}, "missing_lines": [], "excluded_lines": [], "executed_branches": [], "missing_branches": []}, "APIRetryError": {"executed_lines": [], "summary": {"covered_lines": 0, "num_statements": 0, "percent_covered": 100.0, "percent_covered_display": "100.00", "missing_lines": 0, "excluded_lines": 0, "num_branches": 0, "num_partial_branches": 0, "covered_branches": 0, "missing_branches": 0}, "missing_lines": [], "excluded_lines": [], "executed_branches": [], "missing_branches": []}, "APIJSONDecodeError": {"executed_lines": [], "summary": {"covered_lines": 0, "num_statements": 2, "percent_covered": 0.0, "percent_covered_display": "0.00", "missing_lines": 2, "excluded_lines": 0, "num_branches": 0, "num_partial_branches": 0, "covered_branches": 0, "missing_branches": 0}, "missing_lines": [89, 90], "excluded_lines": [], "executed_branches": [], "missing_branches": []}, "BaseAPIClient": {"executed_lines": [146, 147, 148, 149, 152, 157, 158, 161, 164, 171, 175, 179, 183, 184, 185], "summary": {"covered_lines": 15, "num_statements": 54, "percent_covered": 26.470588235294116, "percent_covered_display": "26.47", "missing_lines": 39, "excluded_lines": 0, "num_branches": 14, "num_partial_branches": 1, "covered_branches": 3, "missing_branches": 11}, "missing_lines": [205, 207, 208, 210, 211, 216, 219, 222, 223, 224, 227, 229, 231, 232, 235, 242, 245, 251, 252, 253, 255, 256, 257, 259, 262, 263, 265, 266, 269, 270, 273, 277, 280, 281, 292, 302, 314, 318, 328], "excluded_lines": [], "executed_branches": [[157, 158], [157, 161], [183, 184]], "missing_branches": [[183, -181], [207, 208], [207, 280], [210, 211], [210, 216], [231, 232], [231, 242], [262, 263], [262, 265], [269, 207], [269, 270]]}, "JSONPlaceholderClient": {"executed_lines": [], "summary": {"covered_lines": 0, "num_statements": 43, "percent_covered": 0.0, "percent_covered_display": "0.00", "missing_lines": 43, "excluded_lines": 0, "num_branches": 14, "num_partial_branches": 0, "covered_branches": 0, "missing_branches": 14}, "missing_lines": [358, 359, 360, 362, 363, 367, 368, 372, 373, 374, 379, 380, 384, 385, 395, 396, 397, 398, 399, 400, 401, 403, 404, 408, 409, 413, 414, 415, 419, 420, 425, 426, 428, 429, 434, 435, 436, 438, 439, 443, 444, 446, 447], "excluded_lines": [], "executed_branches": [], "missing_branches": [[359, 360], [359, 362], [396, 397], [396, 398], [398, 399], [398, 400], [400, 401], [400, 403], [425, 426], [425, 428], [435, 436], [435, 438], [443, 444], [443, 446]]}, "AsyncAPIClient": {"executed_lines": [482, 483, 484, 485, 488, 493, 494, 497, 500, 507, 511, 515, 519, 520, 521, 543, 545, 547, 548, 550, 551, 556, 559, 562, 563, 564, 567, 569, 571, 572, 575, 582, 585, 591, 592, 593, 595, 596, 597, 599, 600, 601, 604, 605, 608, 612, 615, 616, 627, 637, 649, 655], "summary": {"covered_lines": 52, "num_statements": 53, "percent_covered": 96.92307692307692, "percent_covered_display": "96.92", "missing_lines": 1, "excluded_lines": 0, "num_branches": 12, "num_partial_branches": 1, "covered_branches": 11, "missing_branches": 1}, "missing_lines": [665], "excluded_lines": [], "executed_branches": [[493, 494], [493, 497], [519, 520], [547, 548], [547, 615], [550, 551], [550, 556], [571, 572], [571, 582], [604, 547], [604, 605]], "missing_branches": [[519, -517]]}, "AsyncJSONPlaceholderClient": {"executed_lines": [690, 691, 692, 694, 695, 699, 700, 704, 705, 706, 710, 711, 712, 716, 721, 722, 726, 727, 737, 738, 739, 740, 742, 743, 745, 746, 750, 751, 757, 758, 759, 769, 770, 784, 785, 787, 788, 793, 794, 795, 797, 798, 802, 803, 805, 806], "summary": {"covered_lines": 46, "num_statements": 60, "percent_covered": 77.02702702702703, "percent_covered_display": "77.03", "missing_lines": 14, "excluded_lines": 0, "num_branches": 14, "num_partial_branches": 3, "covered_branches": 11, "missing_branches": 3}, "missing_lines": [741, 763, 764, 774, 777, 778, 779, 811, 814, 815, 816, 817, 820, 824], "excluded_lines": [], "executed_branches": [[691, 692], [691, 694], [738, 739], [740, 742], [742, 743], [784, 785], [784, 787], [794, 795], [794, 797], [802, 803], [802, 805]], "missing_branches": [[738, 740], [740, 741], [742, 745]]}, "": {"executed_lines": [1, 11, 12, 13, 14, 16, 18, 21, 39, 41, 42, 44, 52, 53, 55, 58, 59, 61, 64, 65, 67, 70, 71, 73, 79, 80, 82, 85, 86, 88, 93, 105, 106, 119, 120, 129, 173, 177, 181, 187, 285, 294, 306, 316, 320, 338, 339, 356, 365, 370, 377, 382, 388, 406, 411, 417, 423, 432, 441, 455, 456, 465, 509, 513, 517, 523, 620, 629, 641, 653, 657, 670, 671, 688, 697, 702, 708, 714, 719, 724, 730, 748, 753, 761, 767, 772, 782, 791, 800, 809, 837, 847, 894], "summary": {"covered_lines": 81, "num_statements": 112, "percent_covered": 68.64406779661017, "percent_covered_display": "68.64", "missing_lines": 31, "excluded_lines": 3, "num_branches": 6, "num_partial_branches": 0, "covered_branches": 0, "missing_branches": 6}, "missing_lines": [107, 108, 839, 849, 851, 852, 853, 855, 856, 857, 858, 861, 862, 863, 864, 865, 868, 869, 870, 871, 872, 875, 876, 881, 882, 884, 885, 886, 887, 889, 891], "excluded_lines": [894, 896, 901], "executed_branches": [], "missing_branches": [[857, 858], [857, 861], [870, 871], [870, 875], [886, 887], [886, 891]]}}}, "utils/github_client.py": {"executed_lines": [1, 9, 10, 11, 12, 13, 15, 17, 18, 25, 27, 30, 45, 46, 49, 58, 67, 68, 71, 72, 74, 75, 76, 79, 80, 83, 84, 92, 93, 107, 109, 123, 124, 125, 126, 127, 128, 130, 132, 140, 142, 144, 145, 146, 148, 168, 169, 170, 172, 174, 198, 199, 200, 201, 203, 205, 223, 224, 225, 226, 228, 230, 260, 261, 264, 265, 266, 268, 269, 270, 278, 279, 280, 281, 282, 289, 291, 293, 294, 296, 298, 299, 301, 302, 304, 305, 306, 309, 311, 313, 314, 315, 322, 323, 324, 328, 331, 332, 335, 336, 340, 341, 342, 343, 345, 347, 349, 350, 352, 353, 354, 356, 357, 358, 360, 361, 367], "summary": {"covered_lines": 111, "num_statements": 118, "percent_covered": 91.66666666666667, "percent_covered_display": "91.67", "missing_lines": 7, "excluded_lines": 0, "num_branches": 38, "num_partial_branches": 6, "covered_branches": 32, "missing_branches": 6}, "missing_lines": [59, 171, 202, 227, 307, 308, 370], "excluded_lines": [], "executed_branches": [[45, -30], [45, 46], [58, -49], [144, 145], [170, 172], [201, 203], [226, 228], [260, 261], [260, 264], [265, 266], [265, 268], [268, 269], [279, 280], [279, 289], [289, 291], [289, 293], [293, 294], [293, 296], [296, 298], [296, 311], [299, 301], [299, 304], [311, 313], [311, 328], [313, 314], [313, 324], [331, 332], [331, 335], [350, 352], [350, 353], [353, 268], [353, 354]], "missing_branches": [[58, 59], [144, -142], [170, 171], [201, 202], [226, 227], [268, 370]], "functions": {"validate_github_username": {"executed_lines": [45, 46], "summary": {"covered_lines": 2, "num_statements": 2, "percent_covered": 100.0, "percent_covered_display": "100.00", "missing_lines": 0, "excluded_lines": 0, "num_branches": 2, "num_partial_branches": 0, "covered_branches": 2, "missing_branches": 0}, "missing_lines": [], "excluded_lines": [], "executed_branches": [[45, -30], [45, 46]], "missing_branches": []}, "validate_github_repo": {"executed_lines": [58], "summary": {"covered_lines": 1, "num_statements": 2, "percent_covered": 50.0, "percent_covered_display": "50.00", "missing_lines": 1, "excluded_lines": 0, "num_branches": 2, "num_partial_branches": 1, "covered_branches": 1, "missing_branches": 1}, "missing_lines": [59], "excluded_lines": [], "executed_branches": [[58, -49]], "missing_branches": [[58, 59]]}, "RateLimitError.__init__": {"executed_lines": [75, 76], "summary": {"covered_lines": 2, "num_statements": 2, "percent_covered": 100.0, "percent_covered_display": "100.00", "missing_lines": 0, "excluded_lines": 0, "num_branches": 0, "num_partial_branches": 0, "covered_branches": 0, "missing_branches": 0}, "missing_lines": [], "excluded_lines": [], "executed_branches": [], "missing_branches": []}, "AsyncGitHubClient.__init__": {"executed_lines": [123, 124, 125, 126, 127, 128], "summary": {"covered_lines": 6, "num_statements": 6, "percent_covered": 100.0, "percent_covered_display": "100.00", "missing_lines": 0, "excluded_lines": 0, "num_branches": 0, "num_partial_branches": 0, "covered_branches": 0, "missing_branches": 0}, "missing_lines": [], "excluded_lines": [], "executed_branches": [], "missing_branches": []}, "AsyncGitHubClient.__aenter__": {"executed_lines": [132, 140], "summary": {"covered_lines": 2, "num_statements": 2, "percent_covered": 100.0, "percent_covered_display": "100.00", "missing_lines": 0, "excluded_lines": 0, "num_branches": 0, "num_partial_branches": 0, "covered_branches": 0, "missing_branches": 0}, "missing_lines": [], "excluded_lines": [], "executed_branches": [], "missing_branches": []}, "AsyncGitHubClient.__aexit__": {"executed_lines": [144, 145, 146], "summary": {"covered_lines": 3, "num_statements": 3, "percent_covered": 80.0, "percent_covered_display": "80.00", "missing_lines": 0, "excluded_lines": 0, "num_branches": 2, "num_partial_branches": 1, "covered_branches": 1, "missing_branches": 1}, "missing_lines": [], "excluded_lines": [], "executed_branches": [[144, 145]], "missing_branches": [[144, -142]]}, "AsyncGitHubClient.get_user": {"executed_lines": [168, 169, 170, 172], "summary": {"covered_lines": 4, "num_statements": 5, "percent_covered": 71.42857142857143, "percent_covered_display": "71.43", "missing_lines": 1, "excluded_lines": 0, "num_branches": 2, "num_partial_branches": 1, "covered_branches": 1, "missing_branches": 1}, "missing_lines": [171], "excluded_lines": [], "executed_branches": [[170, 172]], "missing_branches": [[170, 171]]}, "AsyncGitHubClient.get_repos": {"executed_lines": [198, 199, 200, 201, 203], "summary": {"covered_lines": 5, "num_statements": 6, "percent_covered": 75.0, "percent_covered_display": "75.00", "missing_lines": 1, "excluded_lines": 0, "num_branches": 2, "num_partial_branches": 1, "covered_branches": 1, "missing_branches": 1}, "missing_lines": [202], "excluded_lines": [], "executed_branches": [[201, 203]], "missing_branches": [[201, 202]]}, "AsyncGitHubClient.get_repo": {"executed_lines": [223, 224, 225, 226, 228], "summary": {"covered_lines": 5, "num_statements": 6, "percent_covered": 75.0, "percent_covered_display": "75.00", "missing_lines": 1, "excluded_lines": 0, "num_branches": 2, "num_partial_branches": 1, "covered_branches": 1, "missing_branches": 1}, "missing_lines": [227], "excluded_lines": [], "executed_branches": [[226, 228]], "missing_branches": [[226, 227]]}, "AsyncGitHubClient._request": {"executed_lines": [260, 261, 264, 265, 266, 268, 269, 270, 278, 279, 280, 281, 282, 289, 291, 293, 294, 296, 298, 299, 301, 302, 304, 305, 306, 309, 311, 313, 314, 315, 322, 323, 324, 328, 331, 332, 335, 336, 340, 341, 342, 343, 345, 347, 349, 350, 352, 353, 354, 356, 357, 358, 360, 361, 367], "summary": {"covered_lines": 55, "num_statements": 58, "percent_covered": 95.23809523809524, "percent_covered_display": "95.24", "missing_lines": 3, "excluded_lines": 0, "num_branches": 26, "num_partial_branches": 1, "covered_branches": 25, "missing_branches": 1}, "missing_lines": [307, 308, 370], "excluded_lines": [], "executed_branches": [[260, 261], [260, 264], [265, 266], [265, 268], [268, 269], [279, 280], [279, 289], [289, 291], [289, 293], [293, 294], [293, 296], [296, 298], [296, 311], [299, 301], [299, 304], [311, 313], [311, 328], [313, 314], [313, 324], [331, 332], [331, 335], [350, 352], [350, 353], [353, 268], [353, 354]], "missing_branches": [[268, 370]]}, "": {"executed_lines": [1, 9, 10, 11, 12, 13, 15, 17, 18, 25, 27, 30, 49, 67, 68, 71, 72, 74, 79, 80, 83, 84, 92, 93, 107, 109, 130, 142, 148, 174, 205, 230], "summary": {"covered_lines": 26, "num_statements": 26, "percent_covered": 100.0, "percent_covered_display": "100.00", "missing_lines": 0, "excluded_lines": 0, "num_branches": 0, "num_partial_branches": 0, "covered_branches": 0, "missing_branches": 0}, "missing_lines": [], "excluded_lines": [], "executed_branches": [], "missing_branches": []}}, "classes": {"GitHubAPIError": {"executed_lines": [], "summary": {"covered_lines": 0, "num_statements": 0, "percent_covered": 100.0, "percent_covered_display": "100.00", "missing_lines": 0, "excluded_lines": 0, "num_branches": 0, "num_partial_branches": 0, "covered_branches": 0, "missing_branches": 0}, "missing_lines": [], "excluded_lines": [], "executed_branches": [], "missing_branches": []}, "RateLimitError": {"executed_lines": [75, 76], "summary": {"covered_lines": 2, "num_statements": 2, "percent_covered": 100.0, "percent_covered_display": "100.00", "missing_lines": 0, "excluded_lines": 0, "num_branches": 0, "num_partial_branches": 0, "covered_branches": 0, "missing_branches": 0}, "missing_lines": [], "excluded_lines": [], "executed_branches": [], "missing_branches": []}, "NotFoundError": {"executed_lines": [], "summary": {"covered_lines": 0, "num_statements": 0, "percent_covered": 100.0, "percent_covered_display": "100.00", "missing_lines": 0, "excluded_lines": 0, "num_branches": 0, "num_partial_branches": 0, "covered_branches": 0, "missing_branches": 0}, "missing_lines": [], "excluded_lines": [], "executed_branches": [], "missing_branches": []}, "GitHubServerError": {"executed_lines": [], "summary": {"covered_lines": 0, "num_statements": 0, "percent_covered": 100.0, "percent_covered_display": "100.00", "missing_lines": 0, "excluded_lines": 0, "num_branches": 0, "num_partial_branches": 0, "covered_branches": 0, "missing_branches": 0}, "missing_lines": [], "excluded_lines": [], "executed_branches": [], "missing_branches": []}, "AsyncGitHubClient": {"executed_lines": [123, 124, 125, 126, 127, 128, 132, 140, 144, 145, 146, 168, 169, 170, 172, 198, 199, 200, 201, 203, 223, 224, 225, 226, 228, 260, 261, 264, 265, 266, 268, 269, 270, 278, 279, 280, 281, 282, 289, 291, 293, 294, 296, 298, 299, 301, 302, 304, 305, 306, 309, 311, 313, 314, 315, 322, 323, 324, 328, 331, 332, 335, 336, 340, 341, 342, 343, 345, 347, 349, 350, 352, 353, 354, 356, 357, 358, 360, 361, 367], "summary": {"covered_lines": 80, "num_statements": 86, "percent_covered": 90.83333333333333, "percent_covered_display": "90.83", "missing_lines": 6, "excluded_lines": 0, "num_branches": 34, "num_partial_branches": 5, "covered_branches": 29, "missing_branches": 5}, "missing_lines": [171, 202, 227, 307, 308, 370], "excluded_lines": [], "executed_branches": [[144, 145], [170, 172], [201, 203], [226, 228], [260, 261], [260, 264], [265, 266], [265, 268], [268, 269], [279, 280], [279, 289], [289, 291], [289, 293], [293, 294], [293, 296], [296, 298], [296, 311], [299, 301], [299, 304], [311, 313], [311, 328], [313, 314], [313, 324], [331, 332], [331, 335], [350, 352], [350, 353], [353, 268], [353, 354]], "missing_branches": [[144, -142], [170, 171], [201, 202], [226, 227], [268, 370]]}, "": {"executed_lines": [1, 9, 10, 11, 12, 13, 15, 17, 18, 25, 27, 30, 45, 46, 49, 58, 67, 68, 71, 72, 74, 79, 80, 83, 84, 92, 93, 107, 109, 130, 142, 148, 174, 205, 230], "summary": {"covered_lines": 29, "num_statements": 30, "percent_covered": 94.11764705882354, "percent_covered_display": "94.12", "missing_lines": 1, "excluded_lines": 0, "num_branches": 4, "num_partial_branches": 1, "covered_branches": 3, "missing_branches": 1}, "missing_lines": [59], "excluded_lines": [], "executed_branches": [[45, -30], [45, 46], [58, -49]], "missing_branches": [[58, 59]]}}}, "utils/logger.py": {"executed_lines": [1, 13, 15, 17, 18, 20, 23, 38, 41, 42, 44, 47, 55, 64, 65, 75], "summary": {"covered_lines": 15, "num_statements": 16, "percent_covered": 90.0, "percent_covered_display": "90.00", "missing_lines": 1, "excluded_lines": 0, "num_branches": 4, "num_partial_branches": 1, "covered_branches": 3, "missing_branches": 1}, "missing_lines": [70], "excluded_lines": [], "executed_branches": [[41, 42], [41, 44], [64, 65]], "missing_branches": [[64, 70]], "functions": {"get_logger": {"executed_lines": [38, 41, 42, 44], "summary": {"covered_lines": 4, "num_statements": 4, "percent_covered": 100.0, "percent_covered_display": "100.00", "missing_lines": 0, "excluded_lines": 0, "num_branches": 2, "num_partial_branches": 0, "covered_branches": 2, "missing_branches": 0}, "missing_lines": [], "excluded_lines": [], "executed_branches": [[41, 42], [41, 44]], "missing_branches": []}, "_configure_structlog": {"executed_lines": [55, 64, 65, 75], "summary": {"covered_lines": 4, "num_statements": 5, "percent_covered": 71.42857142857143, "percent_covered_display": "71.43", "missing_lines": 1, "excluded_lines": 0, "num_branches": 2, "num_partial_branches": 1, "covered_branches": 1, "missing_branches": 1}, "missing_lines": [70], "excluded_lines": [], "executed_branches": [[64, 65]], "missing_branches": [[64, 70]]}, "": {"executed_lines": [1, 13, 15, 17, 18, 20, 23, 47], "summary": {"covered_lines": 7, "num_statements": 7, "percent_covered": 100.0, "percent_covered_display": "100.00", "missing_lines": 0, "excluded_lines": 0, "num_branches": 0, "num_partial_branches": 0, "covered_branches": 0, "missing_branches": 0}, "missing_lines": [], "excluded_lines": [], "executed_branches": [], "missing_branches": []}}, "classes": {"": {"executed_lines": [1, 13, 15, 17, 18, 20, 23, 38, 41, 42, 44, 47, 55, 64, 65, 75], "summary": {"covered_lines": 15, "num_statements": 16, "percent_covered": 90.0, "percent_covered_display": "90.00", "missing_lines": 1, "excluded_lines": 0, "num_branches": 4, "num_partial_branches": 1, "covered_branches": 3, "missing_branches": 1}, "missing_lines": [70], "excluded_lines": [], "executed_branches": [[41, 42], [41, 44], [64, 65]], "missing_branches": [[64, 70]]}}}}, "totals": {"covered_lines": 464, "num_statements": 688, "percent_covered": 66.66666666666667, "percent_covered_display": "66.67", "missing_lines": 224, "excluded_lines": 3, "num_branches": 134, "num_partial_branches": 18, "covered_branches": 84, "missing_branches": 50}}