{"meta": {"format": 3, "version": "7.10.7", "timestamp": "2025-12-04T14:12:04.850968", "branch_coverage": true, "show_contexts": false}, "files": {"config/settings.py": {"executed_lines": [1, 11, 12, 13, 14, 15, 16, 17, 18, 20, 21, 28, 34, 35, 39, 53, 56, 68, 77, 79, 81, 83, 84, 85, 86, 87, 89, 96, 97, 99, 100, 101, 102, 105, 106, 108, 109, 110, 111, 112, 115, 116, 118, 119, 127, 128, 130, 133, 136, 137, 138, 139, 141, 142, 143, 151, 152, 155, 156, 158, 162, 168, 174, 175, 176, 184, 185, 187, 188, 189, 190, 195, 198, 200, 201, 202, 204, 205, 207, 208, 216, 217, 219, 222, 225, 226, 229, 230, 238, 239, 241, 242, 245, 248, 249, 254, 262, 263, 266, 276, 277, 278, 279, 282, 283, 284, 285, 287, 288, 289, 291, 292, 293, 295, 297, 299, 301, 303, 305, 307, 309, 311, 313, 315, 317, 318, 319, 320, 321, 322, 324, 332, 335, 338, 339, 340, 343, 346, 347, 351, 359, 371, 385], "summary": {"covered_lines": 134, "num_statements": 142, "percent_covered": 91.66666666666667, "percent_covered_display": "91.67", "missing_lines": 8, "excluded_lines": 0, "num_branches": 26, "num_partial_branches": 6, "covered_branches": 20, "missing_branches": 6}, "missing_lines": [36, 80, 159, 163, 169, 361, 373, 387], "excluded_lines": [], "executed_branches": [[35, 39], [151, 152], [151, 155], [158, 162], [162, 168], [168, 174], [174, 175], [174, 176], [204, 205], [204, 208], [291, 292], [315, 317], [315, 324], [317, 318], [319, 320], [319, 321], [321, 322], [321, 324], [338, 339], [338, 340]], "missing_branches": [[35, 36], [158, 159], [162, 163], [168, 169], [291, 293], [317, 324]], "functions": {"_get_allowed_domains": {"executed_lines": [34, 35, 39], "summary": {"covered_lines": 3, "num_statements": 4, "percent_covered": 66.66666666666667, "percent_covered_display": "66.67", "missing_lines": 1, "excluded_lines": 0, "num_branches": 2, "num_partial_branches": 1, "covered_branches": 1, "missing_branches": 1}, "missing_lines": [36], "excluded_lines": [], "executed_branches": [[35, 39]], "missing_branches": [[35, 36]]}, "is_private_ip": {"executed_lines": [77, 79, 81, 83, 84, 85, 86, 87, 89], "summary": {"covered_lines": 9, "num_statements": 10, "percent_covered": 90.0, "percent_covered_display": "90.00", "missing_lines": 1, "excluded_lines": 0, "num_branches": 0, "num_partial_branches": 0, "covered_branches": 0, "missing_branches": 0}, "missing_lines": [80], "excluded_lines": [], "executed_branches": [], "missing_branches": []}, "APIConfig.validate_base_url": {"executed_lines": [151, 152, 155, 156, 158, 162, 168, 174, 175, 176], "summary": {"covered_lines": 10, "num_statements": 13, "percent_covered": 73.91304347826087, "percent_covered_display": "73.91", "missing_lines": 3, "excluded_lines": 0, "num_branches": 10, "num_partial_branches": 3, "covered_branches": 7, "missing_branches": 3}, "missing_lines": [159, 163, 169], "excluded_lines": [], "executed_branches": [[151, 152], [151, 155], [158, 162], [162, 168], [168, 174], [174, 175], [174, 176]], "missing_branches": [[158, 159], [162, 163], [168, 169]]}, "LogConfig.validate_log_file": {"executed_lines": [204, 205, 207, 208], "summary": {"covered_lines": 4, "num_statements": 4, "percent_covered": 100.0, "percent_covered_display": "100.00", "missing_lines": 0, "excluded_lines": 0, "num_branches": 2, "num_partial_branches": 0, "covered_branches": 2, "missing_branches": 0}, "missing_lines": [], "excluded_lines": [], "executed_branches": [[204, 205], [204, 208]], "missing_branches": []}, "Settings.validate_environment": {"executed_lines": [291, 292, 293], "summary": {"covered_lines": 3, "num_statements": 3, "percent_covered": 80.0, "percent_covered_display": "80.00", "missing_lines": 0, "excluded_lines": 0, "num_branches": 2, "num_partial_branches": 1, "covered_branches": 1, "missing_branches": 1}, "missing_lines": [], "excluded_lines": [], "executed_branches": [[291, 292]], "missing_branches": [[291, 293]]}, "Settings.is_development": {"executed_lines": [297], "summary": {"covered_lines": 1, "num_statements": 1, "percent_covered": 100.0, "percent_covered_display": "100.00", "missing_lines": 0, "excluded_lines": 0, "num_branches": 0, "num_partial_branches": 0, "covered_branches": 0, "missing_branches": 0}, "missing_lines": [], "excluded_lines": [], "executed_branches": [], "missing_branches": []}, "Settings.is_testing": {"executed_lines": [301], "summary": {"covered_lines": 1, "num_statements": 1, "percent_covered": 100.0, "percent_covered_display": "100.00", "missing_lines": 0, "excluded_lines": 0, "num_branches": 0, "num_partial_branches": 0, "covered_branches": 0, "missing_branches": 0}, "missing_lines": [], "excluded_lines": [], "executed_branches": [], "missing_branches": []}, "Settings.is_production": {"executed_lines": [305], "summary": {"covered_lines": 1, "num_statements": 1, "percent_covered": 100.0, "percent_covered_display": "100.00", "missing_lines": 0, "excluded_lines": 0, "num_branches": 0, "num_partial_branches": 0, "covered_branches": 0, "missing_branches": 0}, "missing_lines": [], "excluded_lines": [], "executed_branches": [], "missing_branches": []}, "Settings.get_log_level": {"executed_lines": [309], "summary": {"covered_lines": 1, "num_statements": 1, "percent_covered": 100.0, "percent_covered_display": "100.00", "missing_lines": 0, "excluded_lines": 0, "num_branches": 0, "num_partial_branches": 0, "covered_branches": 0, "missing_branches": 0}, "missing_lines": [], "excluded_lines": [], "executed_branches": [], "missing_branches": []}, "Settings.to_dict": {"executed_lines": [313, 315, 317, 318, 319, 320, 321, 322, 324], "summary": {"covered_lines": 9, "num_statements": 9, "percent_covered": 94.11764705882354, "percent_covered_display": "94.12", "missing_lines": 0, "excluded_lines": 0, "num_branches": 8, "num_partial_branches": 1, "covered_branches": 7, "missing_branches": 1}, "missing_lines": [], "excluded_lines": [], "executed_branches": [[315, 317], [315, 324], [317, 318], [319, 320], [319, 321], [321, 322], [321, 324]], "missing_branches": [[317, 324]]}, "get_settings": {"executed_lines": [338, 339, 340], "summary": {"covered_lines": 3, "num_statements": 3, "percent_covered": 100.0, "percent_covered_display": "100.00", "missing_lines": 0, "excluded_lines": 0, "num_branches": 2, "num_partial_branches": 0, "covered_branches": 2, "missing_branches": 0}, "missing_lines": [], "excluded_lines": [], "executed_branches": [[338, 339], [338, 340]], "missing_branches": []}, "reload_settings": {"executed_lines": [346, 347], "summary": {"covered_lines": 2, "num_statements": 2, "percent_covered": 100.0, "percent_covered_display": "100.00", "missing_lines": 0, "excluded_lines": 0, "num_branches": 0, "num_partial_branches": 0, "covered_branches": 0, "missing_branches": 0}, "missing_lines": [], "excluded_lines": [], "executed_branches": [], "missing_branches": []}, "get_development_settings": {"executed_lines": [], "summary": {"covered_lines": 0, "num_statements": 1, "percent_covered": 0.0, "percent_covered_display": "0.00", "missing_lines": 1, "excluded_lines": 0, "num_branches": 0, "num_partial_branches": 0, "covered_branches": 0, "missing_branches": 0}, "missing_lines": [361], "excluded_lines": [], "executed_branches": [], "missing_branches": []}, "get_testing_settings": {"executed_lines": [], "summary": {"covered_lines": 0, "num_statements": 1, "percent_covered": 0.0, "percent_covered_display": "0.00", "missing_lines": 1, "excluded_lines": 0, "num_branches": 0, "num_partial_branches": 0, "covered_branches": 0, "missing_branches": 0}, "missing_lines": [373], "excluded_lines": [], "executed_branches": [], "missing_branches": []}, "get_production_settings": {"executed_lines": [], "summary": {"covered_lines": 0, "num_statements": 1, "percent_covered": 0.0, "percent_covered_display": "0.00", "missing_lines": 1, "excluded_lines": 0, "num_branches": 0, "num_partial_branches": 0, "covered_branches": 0, "missing_branches": 0}, "missing_lines": [387], "excluded_lines": [], "executed_branches": [], "missing_branches": []}, "": {"executed_lines": [1, 11, 12, 13, 14, 15, 16, 17, 18, 20, 21, 28, 53, 56, 68, 96, 97, 99, 100, 101, 102, 105, 106, 108, 109, 110, 111, 112, 115, 116, 118, 119, 127, 128, 130, 133, 136, 137, 138, 139, 141, 142, 143, 184, 185, 187, 188, 189, 190, 195, 198, 200, 201, 202, 216, 217, 219, 222, 225, 226, 229, 230, 238, 239, 241, 242, 245, 248, 249, 254, 262, 263, 266, 276, 277, 278, 279, 282, 283, 284, 285, 287, 288, 289, 295, 299, 303, 307, 311, 332, 335, 343, 351, 359, 371, 385], "summary": {"covered_lines": 87, "num_statements": 87, "percent_covered": 100.0, "percent_covered_display": "100.00", "missing_lines": 0, "excluded_lines": 0, "num_branches": 0, "num_partial_branches": 0, "covered_branches": 0, "missing_branches": 0}, "missing_lines": [], "excluded_lines": [], "executed_branches": [], "missing_branches": []}}, "classes": {"Environment": {"executed_lines": [], "summary": {"covered_lines": 0, "num_statements": 0, "percent_covered": 100.0, "percent_covered_display": "100.00", "missing_lines": 0, "excluded_lines": 0, "num_branches": 0, "num_partial_branches": 0, "covered_branches": 0, "missing_branches": 0}, "missing_lines": [], "excluded_lines": [], "executed_branches": [], "missing_branches": []}, "LogLevel": {"executed_lines": [], "summary": {"covered_lines": 0, "num_statements": 0, "percent_covered": 100.0, "percent_covered_display": "100.00", "missing_lines": 0, "excluded_lines": 0, "num_branches": 0, "num_partial_branches": 0, "covered_branches": 0, "missing_branches": 0}, "missing_lines": [], "excluded_lines": [], "executed_branches": [], "missing_branches": []}, "LogFormat": {"executed_lines": [], "summary": {"covered_lines": 0, "num_statements": 0, "percent_covered": 100.0, "percent_covered_display": "100.00", "missing_lines": 0, "excluded_lines": 0, "num_branches": 0, "num_partial_branches": 0, "covered_branches": 0, "missing_branches": 0}, "missing_lines": [], "excluded_lines": [], "executed_branches": [], "missing_branches": []}, "APIConfig": {"executed_lines": [151, 152, 155, 156, 158, 162, 168, 174, 175, 176], "summary": {"covered_lines": 10, "num_statements": 13, "percent_covered": 73.91304347826087, "percent_covered_display": "73.91", "missing_lines": 3, "excluded_lines": 0, "num_branches": 10, "num_partial_branches": 3, "covered_branches": 7, "missing_branches": 3}, "missing_lines": [159, 163, 169], "excluded_lines": [], "executed_branches": [[151, 152], [151, 155], [158, 162], [162, 168], [168, 174], [174, 175], [174, 176]], "missing_branches": [[158, 159], [162, 163], [168, 169]]}, "LogConfig": {"executed_lines": [204, 205, 207, 208], "summary": {"covered_lines": 4, "num_statements": 4, "percent_covered": 100.0, "percent_covered_display": "100.00", "missing_lines": 0, "excluded_lines": 0, "num_branches": 2, "num_partial_branches": 0, "covered_branches": 2, "missing_branches": 0}, "missing_lines": [], "excluded_lines": [], "executed_branches": [[204, 205], [204, 208]], "missing_branches": []}, "TestConfig": {"executed_lines": [], "summary": {"covered_lines": 0, "num_statements": 0, "percent_covered": 100.0, "percent_covered_display": "100.00", "missing_lines": 0, "excluded_lines": 0, "num_branches": 0, "num_partial_branches": 0, "covered_branches": 0, "missing_branches": 0}, "missing_lines": [], "excluded_lines": [], "executed_branches": [], "missing_branches": []}, "SecurityConfig": {"executed_lines": [], "summary": {"covered_lines": 0, "num_statements": 0, "percent_covered": 100.0, "percent_covered_display": "100.00", "missing_lines": 0, "excluded_lines": 0, "num_branches": 0, "num_partial_branches": 0, "covered_branches": 0, "missing_branches": 0}, "missing_lines": [], "excluded_lines": [], "executed_branches": [], "missing_branches": []}, "Settings": {"executed_lines": [291, 292, 293, 297, 301, 305, 309, 313, 315, 317, 318, 319, 320, 321, 322, 324], "summary": {"covered_lines": 16, "num_statements": 16, "percent_covered": 92.3076923076923, "percent_covered_display": "92.31", "missing_lines": 0, "excluded_lines": 0, "num_branches": 10, "num_partial_branches": 2, "covered_branches": 8, "missing_branches": 2}, "missing_lines": [], "excluded_lines": [], "executed_branches": [[291, 292], [315, 317], [315, 324], [317, 318], [319, 320], [319, 321], [321, 322], [321, 324]], "missing_branches": [[291, 293], [317, 324]]}, "": {"executed_lines": [1, 11, 12, 13, 14, 15, 16, 17, 18, 20, 21, 28, 34, 35, 39, 53, 56, 68, 77, 79, 81, 83, 84, 85, 86, 87, 89, 96, 97, 99, 100, 101, 102, 105, 106, 108, 109, 110, 111, 112, 115, 116, 118, 119, 127, 128, 130, 133, 136, 137, 138, 139, 141, 142, 143, 184, 185, 187, 188, 189, 190, 195, 198, 200, 201, 202, 216, 217, 219, 222, 225, 226, 229, 230, 238, 239, 241, 242, 245, 248, 249, 254, 262, 263, 266, 276, 277, 278, 279, 282, 283, 284, 285, 287, 288, 289, 295, 299, 303, 307, 311, 332, 335, 338, 339, 340, 343, 346, 347, 351, 359, 371, 385], "summary": {"covered_lines": 104, "num_statements": 109, "percent_covered": 94.69026548672566, "percent_covered_display": "94.69", "missing_lines": 5, "excluded_lines": 0, "num_branches": 4, "num_partial_branches": 1, "covered_branches": 3, "missing_branches": 1}, "missing_lines": [36, 80, 361, 373, 387], "excluded_lines": [], "executed_branches": [[35, 39], [338, 339], [338, 340]], "missing_branches": [[35, 36]]}}}, "models/responses.py": {"executed_lines": [], "summary": {"covered_lines": 0, "num_statements": 77, "percent_covered": 0.0, "percent_covered_display": "0.00", "missing_lines": 77, "excluded_lines": 0, "num_branches": 2, "num_partial_branches": 0, "covered_branches": 0, "missing_branches": 2}, "missing_lines": [17, 19, 26, 42, 43, 45, 53, 66, 67, 68, 69, 71, 73, 74, 75, 87, 90, 104, 105, 106, 107, 108, 110, 112, 113, 114, 126, 134, 146, 147, 150, 152, 154, 155, 156, 168, 171, 186, 187, 188, 189, 190, 191, 193, 194, 195, 207, 215, 228, 229, 230, 231, 233, 235, 236, 237, 249, 252, 264, 265, 266, 268, 270, 271, 272, 284, 287, 301, 302, 303, 304, 305, 309, 311, 312, 313, 325], "excluded_lines": [], "executed_branches": [], "missing_branches": [[42, 43], [42, 45]], "functions": {"sanitize_user_content": {"executed_lines": [], "summary": {"covered_lines": 0, "num_statements": 3, "percent_covered": 0.0, "percent_covered_display": "0.00", "missing_lines": 3, "excluded_lines": 0, "num_branches": 2, "num_partial_branches": 0, "covered_branches": 0, "missing_branches": 2}, "missing_lines": [42, 43, 45], "excluded_lines": [], "executed_branches": [], "missing_branches": [[42, 43], [42, 45]]}, "Post.sanitize_post_content": {"executed_lines": [], "summary": {"covered_lines": 0, "num_statements": 1, "percent_covered": 0.0, "percent_covered_display": "0.00", "missing_lines": 1, "excluded_lines": 0, "num_branches": 0, "num_partial_branches": 0, "covered_branches": 0, "missing_branches": 0}, "missing_lines": [87], "excluded_lines": [], "executed_branches": [], "missing_branches": []}, "Comment.sanitize_comment_content": {"executed_lines": [], "summary": {"covered_lines": 0, "num_statements": 1, "percent_covered": 0.0, "percent_covered_display": "0.00", "missing_lines": 1, "excluded_lines": 0, "num_branches": 0, "num_partial_branches": 0, "covered_branches": 0, "missing_branches": 0}, "missing_lines": [126], "excluded_lines": [], "executed_branches": [], "missing_branches": []}, "Company.sanitize_company_content": {"executed_lines": [], "summary": {"covered_lines": 0, "num_statements": 1, "percent_covered": 0.0, "percent_covered_display": "0.00", "missing_lines": 1, "excluded_lines": 0, "num_branches": 0, "num_partial_branches": 0, "covered_branches": 0, "missing_branches": 0}, "missing_lines": [168], "excluded_lines": [], "executed_branches": [], "missing_branches": []}, "User.sanitize_user_fields": {"executed_lines": [], "summary": {"covered_lines": 0, "num_statements": 1, "percent_covered": 0.0, "percent_covered_display": "0.00", "missing_lines": 1, "excluded_lines": 0, "num_branches": 0, "num_partial_branches": 0, "covered_branches": 0, "missing_branches": 0}, "missing_lines": [207], "excluded_lines": [], "executed_branches": [], "missing_branches": []}, "Todo.sanitize_todo_title": {"executed_lines": [], "summary": {"covered_lines": 0, "num_statements": 1, "percent_covered": 0.0, "percent_covered_display": "0.00", "missing_lines": 1, "excluded_lines": 0, "num_branches": 0, "num_partial_branches": 0, "covered_branches": 0, "missing_branches": 0}, "missing_lines": [249], "excluded_lines": [], "executed_branches": [], "missing_branches": []}, "Album.sanitize_album_title": {"executed_lines": [], "summary": {"covered_lines": 0, "num_statements": 1, "percent_covered": 0.0, "percent_covered_display": "0.00", "missing_lines": 1, "excluded_lines": 0, "num_branches": 0, "num_partial_branches": 0, "covered_branches": 0, "missing_branches": 0}, "missing_lines": [284], "excluded_lines": [], "executed_branches": [], "missing_branches": []}, "Photo.sanitize_photo_title": {"executed_lines": [], "summary": {"covered_lines": 0, "num_statements": 1, "percent_covered": 0.0, "percent_covered_display": "0.00", "missing_lines": 1, "excluded_lines": 0, "num_branches": 0, "num_partial_branches": 0, "covered_branches": 0, "missing_branches": 0}, "missing_lines": [325], "excluded_lines": [], "executed_branches": [], "missing_branches": []}, "": {"executed_lines": [], "summary": {"covered_lines": 0, "num_statements": 67, "percent_covered": 0.0, "percent_covered_display": "0.00", "missing_lines": 67, "excluded_lines": 0, "num_branches": 0, "num_partial_branches": 0, "covered_branches": 0, "missing_branches": 0}, "missing_lines": [17, 19, 26, 53, 66, 67, 68, 69, 71, 73, 74, 75, 90, 104, 105, 106, 107, 108, 110, 112, 113, 114, 134, 146, 147, 150, 152, 154, 155, 156, 171, 186, 187, 188, 189, 190, 191, 193, 194, 195, 215, 228, 229, 230, 231, 233, 235, 236, 237, 252, 264, 265, 266, 268, 270, 271, 272, 287, 301, 302, 303, 304, 305, 309, 311, 312, 313], "excluded_lines": [], "executed_branches": [], "missing_branches": []}}, "classes": {"Post": {"executed_lines": [], "summary": {"covered_lines": 0, "num_statements": 1, "percent_covered": 0.0, "percent_covered_display": "0.00", "missing_lines": 1, "excluded_lines": 0, "num_branches": 0, "num_partial_branches": 0, "covered_branches": 0, "missing_branches": 0}, "missing_lines": [87], "excluded_lines": [], "executed_branches": [], "missing_branches": []}, "Comment": {"executed_lines": [], "summary": {"covered_lines": 0, "num_statements": 1, "percent_covered": 0.0, "percent_covered_display": "0.00", "missing_lines": 1, "excluded_lines": 0, "num_branches": 0, "num_partial_branches": 0, "covered_branches": 0, "missing_branches": 0}, "missing_lines": [126], "excluded_lines": [], "executed_branches": [], "missing_branches": []}, "Company": {"executed_lines": [], "summary": {"covered_lines": 0, "num_statements": 1, "percent_covered": 0.0, "percent_covered_display": "0.00", "missing_lines": 1, "excluded_lines": 0, "num_branches": 0, "num_partial_branches": 0, "covered_branches": 0, "missing_branches": 0}, "missing_lines": [168], "excluded_lines": [], "executed_branches": [], "missing_branches": []}, "User": {"executed_lines": [], "summary": {"covered_lines": 0, "num_statements": 1, "percent_covered": 0.0, "percent_covered_display": "0.00", "missing_lines": 1, "excluded_lines": 0, "num_branches": 0, "num_partial_branches": 0, "covered_branches": 0, "missing_branches": 0}, "missing_lines": [207], "excluded_lines": [], "executed_branches": [], "missing_branches": []}, "Todo": {"executed_lines": [], "summary": {"covered_lines": 0, "num_statements": 1, "percent_covered": 0.0, "percent_covered_display": "0.00", "missing_lines": 1, "excluded_lines": 0, "num_branches": 0, "num_partial_branches": 0, "covered_branches": 0, "missing_branches": 0}, "missing_lines": [249], "excluded_lines": [], "executed_branches": [], "missing_branches": []}, "Album": {"executed_lines": [], "summary": {"covered_lines": 0, "num_statements": 1, "percent_covered": 0.0, "percent_covered_display": "0.00", "missing_lines": 1, "excluded_lines": 0, "num_branches": 0, "num_partial_branches": 0, "covered_branches": 0, "missing_branches": 0}, "missing_lines": [284], "excluded_lines": [], "executed_branches": [], "missing_branches": []}, "Photo": {"executed_lines": [], "summary": {"covered_lines": 0, "num_statements": 1, "percent_covered": 0.0, "percent_covered_display": "0.00", "missing_lines": 1, "excluded_lines": 0, "num_branches": 0, "num_partial_branches": 0, "covered_branches": 0, "missing_branches": 0}, "missing_lines": [325], "excluded_lines": [], "executed_branches": [], "missing_branches": []}, "": {"executed_lines": [], "summary": {"covered_lines": 0, "num_statements": 70, "percent_covered": 0.0, "percent_covered_display": "0.00", "missing_lines": 70, "excluded_lines": 0, "num_branches": 2, "num_partial_branches": 0, "covered_branches": 0, "missing_branches": 2}, "missing_lines": [17, 19, 26, 42, 43, 45, 53, 66, 67, 68, 69, 71, 73, 74, 75, 90, 104, 105, 106, 107, 108, 110, 112, 113, 114, 134, 146, 147, 150, 152, 154, 155, 156, 171, 186, 187, 188, 189, 190, 191, 193, 194, 195, 215, 228, 229, 230, 231, 233, 235, 236, 237, 252, 264, 265, 266, 268, 270, 271, 272, 287, 301, 302, 303, 304, 305, 309, 311, 312, 313], "excluded_lines": [], "executed_branches": [], "missing_branches": [[42, 43], [42, 45]]}}}, "utils/api_client.py": {"executed_lines": [1, 11, 12, 13, 14, 16, 18, 21, 39, 41, 42, 44, 52, 53, 55, 58, 59, 61, 64, 65, 67, 70, 71, 73, 74, 75, 76, 79, 80, 82, 85, 86, 88, 93, 105, 106, 119, 120, 129, 146, 147, 148, 149, 152, 157, 158, 161, 164, 171, 173, 175, 177, 179, 181, 183, 184, 185, 187, 285, 294, 306, 316, 320, 338, 339, 356, 365, 370, 377, 382, 388, 406, 411, 417, 423, 432, 441, 455, 456, 465, 482, 483, 484, 485, 488, 493, 494, 497, 500, 507, 509, 511, 513, 515, 517, 519, 520, 521, 523, 543, 545, 547, 548, 550, 551, 556, 559, 562, 563, 564, 567, 569, 571, 572, 575, 582, 585, 591, 592, 593, 595, 596, 597, 599, 600, 601, 604, 605, 608, 612, 615, 616, 620, 627, 629, 637, 641, 649, 653, 655, 657, 670, 671, 688, 690, 691, 692, 694, 695, 697, 699, 700, 702, 704, 705, 706, 708, 710, 711, 712, 714, 716, 719, 721, 722, 724, 726, 727, 730, 737, 738, 739, 740, 742, 743, 745, 746, 748, 750, 751, 753, 757, 758, 759, 761, 767, 769, 770, 772, 782, 784, 785, 787, 788, 791, 793, 794, 795, 797, 798, 800, 802, 803, 805, 806, 809, 837, 847, 893], "summary": {"covered_lines": 197, "num_statements": 326, "percent_covered": 57.512953367875646, "percent_covered_display": "57.51", "missing_lines": 129, "excluded_lines": 3, "num_branches": 60, "num_partial_branches": 5, "covered_branches": 25, "missing_branches": 35}, "missing_lines": [89, 90, 107, 108, 205, 207, 208, 210, 211, 216, 219, 222, 223, 224, 227, 229, 231, 232, 235, 242, 245, 251, 252, 253, 255, 256, 257, 259, 262, 263, 265, 266, 269, 270, 273, 277, 280, 281, 292, 302, 314, 318, 328, 358, 359, 360, 362, 363, 367, 368, 372, 373, 374, 379, 380, 384, 385, 395, 396, 397, 398, 399, 400, 401, 403, 404, 408, 409, 413, 414, 415, 419, 420, 425, 426, 428, 429, 434, 435, 436, 438, 439, 443, 444, 446, 447, 665, 741, 763, 764, 774, 777, 778, 779, 811, 814, 815, 816, 817, 820, 824, 839, 849, 851, 852, 854, 855, 856, 857, 860, 861, 862, 863, 864, 867, 868, 869, 870, 871, 874, 875, 880, 881, 883, 884, 885, 886, 888, 890], "excluded_lines": [893, 895, 900], "executed_branches": [[157, 158], [157, 161], [183, 184], [493, 494], [493, 497], [519, 520], [547, 548], [547, 615], [550, 551], [550, 556], [571, 572], [571, 582], [604, 547], [604, 605], [691, 692], [691, 694], [738, 739], [740, 742], [742, 743], [784, 785], [784, 787], [794, 795], [794, 797], [802, 803], [802, 805]], "missing_branches": [[183, -181], [207, 208], [207, 280], [210, 211], [210, 216], [231, 232], [231, 242], [262, 263], [262, 265], [269, 207], [269, 270], [359, 360], [359, 362], [396, 397], [396, 398], [398, 399], [398, 400], [400, 401], [400, 403], [425, 426], [425, 428], [435, 436], [435, 438], [443, 444], [443, 446], [519, -517], [738, 740], [740, 741], [742, 745], [856, 857], [856, 860], [869, 870], [869, 874], [885, 886], [885, 890]], "functions": {"exponential_backoff_with_jitter": {"executed_lines": [39, 41, 42, 44], "summary": {"covered_lines": 4, "num_statements": 4, "percent_covered": 100.0, "percent_covered_display": "100.00", "missing_lines": 0, "excluded_lines": 0, "num_branches": 0, "num_partial_branches": 0, "covered_branches": 0, "missing_branches": 0}, "missing_lines": [], "excluded_lines": [], "executed_branches": [], "missing_branches": []}, "APIHTTPError.__init__": {"executed_lines": [74, 75, 76], "summary": {"covered_lines": 3, "num_statements": 3, "percent_covered": 100.0, "percent_covered_display": "100.00", "missing_lines": 0, "excluded_lines": 0, "num_branches": 0, "num_partial_branches": 0, "covered_branches": 0, "missing_branches": 0}, "missing_lines": [], "excluded_lines": [], "executed_branches": [], "missing_branches": []}, "APIJSONDecodeError.__init__": {"executed_lines": [], "summary": {"covered_lines": 0, "num_statements": 2, "percent_covered": 0.0, "percent_covered_display": "0.00", "missing_lines": 2, "excluded_lines": 0, "num_branches": 0, "num_partial_branches": 0, "covered_branches": 0, "missing_branches": 0}, "missing_lines": [89, 90], "excluded_lines": [], "executed_branches": [], "missing_branches": []}, "_safe_parse_json": {"executed_lines": [105, 106], "summary": {"covered_lines": 2, "num_statements": 4, "percent_covered": 50.0, "percent_covered_display": "50.00", "missing_lines": 2, "excluded_lines": 0, "num_branches": 0, "num_partial_branches": 0, "covered_branches": 0, "missing_branches": 0}, "missing_lines": [107, 108], "excluded_lines": [], "executed_branches": [], "missing_branches": []}, "BaseAPIClient.__init__": {"executed_lines": [146, 147, 148, 149, 152, 157, 158, 161, 164, 171], "summary": {"covered_lines": 10, "num_statements": 10, "percent_covered": 100.0, "percent_covered_display": "100.00", "missing_lines": 0, "excluded_lines": 0, "num_branches": 2, "num_partial_branches": 0, "covered_branches": 2, "missing_branches": 0}, "missing_lines": [], "excluded_lines": [], "executed_branches": [[157, 158], [157, 161]], "missing_branches": []}, "BaseAPIClient.__enter__": {"executed_lines": [175], "summary": {"covered_lines": 1, "num_statements": 1, "percent_covered": 100.0, "percent_covered_display": "100.00", "missing_lines": 0, "excluded_lines": 0, "num_branches": 0, "num_partial_branches": 0, "covered_branches": 0, "missing_branches": 0}, "missing_lines": [], "excluded_lines": [], "executed_branches": [], "missing_branches": []}, "BaseAPIClient.__exit__": {"executed_lines": [179], "summary": {"covered_lines": 1, "num_statements": 1, "percent_covered": 100.0, "percent_covered_display": "100.00", "missing_lines": 0, "excluded_lines": 0, "num_branches": 0, "num_partial_branches": 0, "covered_branches": 0, "missing_branches": 0}, "missing_lines": [], "excluded_lines": [], "executed_branches": [], "missing_branches": []}, "BaseAPIClient.close": {"executed_lines": [183, 184, 185], "summary": {"covered_lines": 3, "num_statements": 3, "percent_covered": 80.0, "percent_covered_display": "80.00", "missing_lines": 0, "excluded_lines": 0, "num_branches": 2, "num_partial_branches": 1, "covered_branches": 1, "missing_branches": 1}, "missing_lines": [], "excluded_lines": [], "executed_branches": [[183, 184]], "missing_branches": [[183, -181]]}, "BaseAPIClient._make_request_with_retry": {"executed_lines": [], "summary": {"covered_lines": 0, "num_statements": 34, "percent_covered": 0.0, "percent_covered_display": "0.00", "missing_lines": 34, "excluded_lines": 0, "num_branches": 10, "num_partial_branches": 0, "covered_branches": 0, "missing_branches": 10}, "missing_lines": [205, 207, 208, 210, 211, 216, 219, 222, 223, 224, 227, 229, 231, 232, 235, 242, 245, 251, 252, 253, 255, 256, 257, 259, 262, 263, 265, 266, 269, 270, 273, 277, 280, 281], "excluded_lines": [], "executed_branches": [], "missing_branches": [[207, 208], [207, 280], [210, 211], [210, 216], [231, 232], [231, 242], [262, 263], [262, 265], [269, 207], [269, 270]]}, "BaseAPIClient.get": {"executed_lines": [], "summary": {"covered_lines": 0, "num_statements": 1, "percent_covered": 0.0, "percent_covered_display": "0.00", "missing_lines": 1, "excluded_lines": 0, "num_branches": 0, "num_partial_branches": 0, "covered_branches": 0, "missing_branches": 0}, "missing_lines": [292], "excluded_lines": [], "executed_branches": [], "missing_branches": []}, "BaseAPIClient.post": {"executed_lines": [], "summary": {"covered_lines": 0, "num_statements": 1, "percent_covered": 0.0, "percent_covered_display": "0.00", "missing_lines": 1, "excluded_lines": 0, "num_branches": 0, "num_partial_branches": 0, "covered_branches": 0, "missing_branches": 0}, "missing_lines": [302], "excluded_lines": [], "executed_branches": [], "missing_branches": []}, "BaseAPIClient.put": {"executed_lines": [], "summary": {"covered_lines": 0, "num_statements": 1, "percent_covered": 0.0, "percent_covered_display": "0.00", "missing_lines": 1, "excluded_lines": 0, "num_branches": 0, "num_partial_branches": 0, "covered_branches": 0, "missing_branches": 0}, "missing_lines": [314], "excluded_lines": [], "executed_branches": [], "missing_branches": []}, "BaseAPIClient.delete": {"executed_lines": [], "summary": {"covered_lines": 0, "num_statements": 1, "percent_covered": 0.0, "percent_covered_display": "0.00", "missing_lines": 1, "excluded_lines": 0, "num_branches": 0, "num_partial_branches": 0, "covered_branches": 0, "missing_branches": 0}, "missing_lines": [318], "excluded_lines": [], "executed_branches": [], "missing_branches": []}, "BaseAPIClient.patch": {"executed_lines": [], "summary": {"covered_lines": 0, "num_statements": 1, "percent_covered": 0.0, "percent_covered_display": "0.00", "missing_lines": 1, "excluded_lines": 0, "num_branches": 0, "num_partial_branches": 0, "covered_branches": 0, "missing_branches": 0}, "missing_lines": [328], "excluded_lines": [], "executed_branches": [], "missing_branches": []}, "JSONPlaceholderClient.get_posts": {"executed_lines": [], "summary": {"covered_lines": 0, "num_statements": 5, "percent_covered": 0.0, "percent_covered_display": "0.00", "missing_lines": 5, "excluded_lines": 0, "num_branches": 2, "num_partial_branches": 0, "covered_branches": 0, "missing_branches": 2}, "missing_lines": [358, 359, 360, 362, 363], "excluded_lines": [], "executed_branches": [], "missing_branches": [[359, 360], [359, 362]]}, "JSONPlaceholderClient.get_post": {"executed_lines": [], "summary": {"covered_lines": 0, "num_statements": 2, "percent_covered": 0.0, "percent_covered_display": "0.00", "missing_lines": 2, "excluded_lines": 0, "num_branches": 0, "num_partial_branches": 0, "covered_branches": 0, "missing_branches": 0}, "missing_lines": [367, 368], "excluded_lines": [], "executed_branches": [], "missing_branches": []}, "JSONPlaceholderClient.create_post": {"executed_lines": [], "summary": {"covered_lines": 0, "num_statements": 3, "percent_covered": 0.0, "percent_covered_display": "0.00", "missing_lines": 3, "excluded_lines": 0, "num_branches": 0, "num_partial_branches": 0, "covered_branches": 0, "missing_branches": 0}, "missing_lines": [372, 373, 374], "excluded_lines": [], "executed_branches": [], "missing_branches": []}, "JSONPlaceholderClient.get_users": {"executed_lines": [], "summary": {"covered_lines": 0, "num_statements": 2, "percent_covered": 0.0, "percent_covered_display": "0.00", "missing_lines": 2, "excluded_lines": 0, "num_branches": 0, "num_partial_branches": 0, "covered_branches": 0, "missing_branches": 0}, "missing_lines": [379, 380], "excluded_lines": [], "executed_branches": [], "missing_branches": []}, "JSONPlaceholderClient.get_user": {"executed_lines": [], "summary": {"covered_lines": 0, "num_statements": 2, "percent_covered": 0.0, "percent_covered_display": "0.00", "missing_lines": 2, "excluded_lines": 0, "num_branches": 0, "num_partial_branches": 0, "covered_branches": 0, "missing_branches": 0}, "missing_lines": [384, 385], "excluded_lines": [], "executed_branches": [], "missing_branches": []}, "JSONPlaceholderClient.get_todos": {"executed_lines": [], "summary": {"covered_lines": 0, "num_statements": 9, "percent_covered": 0.0, "percent_covered_display": "0.00", "missing_lines": 9, "excluded_lines": 0, "num_branches": 6, "num_partial_branches": 0, "covered_branches": 0, "missing_branches": 6}, "missing_lines": [395, 396, 397, 398, 399, 400, 401, 403, 404], "excluded_lines": [], "executed_branches": [], "missing_branches": [[396, 397], [396, 398], [398, 399], [398, 400], [400, 401], [400, 403]]}, "JSONPlaceholderClient.get_todo": {"executed_lines": [], "summary": {"covered_lines": 0, "num_statements": 2, "percent_covered": 0.0, "percent_covered_display": "0.00", "missing_lines": 2, "excluded_lines": 0, "num_branches": 0, "num_partial_branches": 0, "covered_branches": 0, "missing_branches": 0}, "missing_lines": [408, 409], "excluded_lines": [], "executed_branches": [], "missing_branches": []}, "JSONPlaceholderClient.create_todo": {"executed_lines": [], "summary": {"covered_lines": 0, "num_statements": 3, "percent_covered": 0.0, "percent_covered_display": "0.00", "missing_lines": 3, "excluded_lines": 0, "num_branches": 0, "num_partial_branches": 0, "covered_branches": 0, "missing_branches": 0}, "missing_lines": [413, 414, 415], "excluded_lines": [], "executed_branches": [], "missing_branches": []}, "JSONPlaceholderClient.update_todo": {"executed_lines": [], "summary": {"covered_lines": 0, "num_statements": 2, "percent_covered": 0.0, "percent_covered_display": "0.00", "missing_lines": 2, "excluded_lines": 0, "num_branches": 0, "num_partial_branches": 0, "covered_branches": 0, "missing_branches": 0}, "missing_lines": [419, 420], "excluded_lines": [], "executed_branches": [], "missing_branches": []}, "JSONPlaceholderClient.get_comments": {"executed_lines": [], "summary": {"covered_lines": 0, "num_statements": 4, "percent_covered": 0.0, "percent_covered_display": "0.00", "missing_lines": 4, "excluded_lines": 0, "num_branches": 2, "num_partial_branches": 0, "covered_branches": 0, "missing_branches": 2}, "missing_lines": [425, 426, 428, 429], "excluded_lines": [], "executed_branches": [], "missing_branches": [[425, 426], [425, 428]]}, "JSONPlaceholderClient.get_albums": {"executed_lines": [], "summary": {"covered_lines": 0, "num_statements": 5, "percent_covered": 0.0, "percent_covered_display": "0.00", "missing_lines": 5, "excluded_lines": 0, "num_branches": 2, "num_partial_branches": 0, "covered_branches": 0, "missing_branches": 2}, "missing_lines": [434, 435, 436, 438, 439], "excluded_lines": [], "executed_branches": [], "missing_branches": [[435, 436], [435, 438]]}, "JSONPlaceholderClient.get_photos": {"executed_lines": [], "summary": {"covered_lines": 0, "num_statements": 4, "percent_covered": 0.0, "percent_covered_display": "0.00", "missing_lines": 4, "excluded_lines": 0, "num_branches": 2, "num_partial_branches": 0, "covered_branches": 0, "missing_branches": 2}, "missing_lines": [443, 444, 446, 447], "excluded_lines": [], "executed_branches": [], "missing_branches": [[443, 444], [443, 446]]}, "AsyncAPIClient.__init__": {"executed_lines": [482, 483, 484, 485, 488, 493, 494, 497, 500, 507], "summary": {"covered_lines": 10, "num_statements": 10, "percent_covered": 100.0, "percent_covered_display": "100.00", "missing_lines": 0, "excluded_lines": 0, "num_branches": 2, "num_partial_branches": 0, "covered_branches": 2, "missing_branches": 0}, "missing_lines": [], "excluded_lines": [], "executed_branches": [[493, 494], [493, 497]], "missing_branches": []}, "AsyncAPIClient.__aenter__": {"executed_lines": [511], "summary": {"covered_lines": 1, "num_statements": 1, "percent_covered": 100.0, "percent_covered_display": "100.00", "missing_lines": 0, "excluded_lines": 0, "num_branches": 0, "num_partial_branches": 0, "covered_branches": 0, "missing_branches": 0}, "missing_lines": [], "excluded_lines": [], "executed_branches": [], "missing_branches": []}, "AsyncAPIClient.__aexit__": {"executed_lines": [515], "summary": {"covered_lines": 1, "num_statements": 1, "percent_covered": 100.0, "percent_covered_display": "100.00", "missing_lines": 0, "excluded_lines": 0, "num_branches": 0, "num_partial_branches": 0, "covered_branches": 0, "missing_branches": 0}, "missing_lines": [], "excluded_lines": [], "executed_branches": [], "missing_branches": []}, "AsyncAPIClient.aclose": {"executed_lines": [519, 520, 521], "summary": {"covered_lines": 3, "num_statements": 3, "percent_covered": 80.0, "percent_covered_display": "80.00", "missing_lines": 0, "excluded_lines": 0, "num_branches": 2, "num_partial_branches": 1, "covered_branches": 1, "missing_branches": 1}, "missing_lines": [], "excluded_lines": [], "executed_branches": [[519, 520]], "missing_branches": [[519, -517]]}, "AsyncAPIClient._make_request_with_retry": {"executed_lines": [543, 545, 547, 548, 550, 551, 556, 559, 562, 563, 564, 567, 569, 571, 572, 575, 582, 585, 591, 592, 593, 595, 596, 597, 599, 600, 601, 604, 605, 608, 612, 615, 616], "summary": {"covered_lines": 33, "num_statements": 33, "percent_covered": 100.0, "percent_covered_display": "100.00", "missing_lines": 0, "excluded_lines": 0, "num_branches": 8, "num_partial_branches": 0, "covered_branches": 8, "missing_branches": 0}, "missing_lines": [], "excluded_lines": [], "executed_branches": [[547, 548], [547, 615], [550, 551], [550, 556], [571, 572], [571, 582], [604, 547], [604, 605]], "missing_branches": []}, "AsyncAPIClient.get": {"executed_lines": [627], "summary": {"covered_lines": 1, "num_statements": 1, "percent_covered": 100.0, "percent_covered_display": "100.00", "missing_lines": 0, "excluded_lines": 0, "num_branches": 0, "num_partial_branches": 0, "covered_branches": 0, "missing_branches": 0}, "missing_lines": [], "excluded_lines": [], "executed_branches": [], "missing_branches": []}, "AsyncAPIClient.post": {"executed_lines": [637], "summary": {"covered_lines": 1, "num_statements": 1, "percent_covered": 100.0, "percent_covered_display": "100.00", "missing_lines": 0, "excluded_lines": 0, "num_branches": 0, "num_partial_branches": 0, "covered_branches": 0, "missing_branches": 0}, "missing_lines": [], "excluded_lines": [], "executed_branches": [], "missing_branches": []}, "AsyncAPIClient.put": {"executed_lines": [649], "summary": {"covered_lines": 1, "num_statements": 1, "percent_covered": 100.0, "percent_covered_display": "100.00", "missing_lines": 0, "excluded_lines": 0, "num_branches": 0, "num_partial_branches": 0, "covered_branches": 0, "missing_branches": 0}, "missing_lines": [], "excluded_lines": [], "executed_branches": [], "missing_branches": []}, "AsyncAPIClient.delete": {"executed_lines": [655], "summary": {"covered_lines": 1, "num_statements": 1, "percent_covered": 100.0, "percent_covered_display": "100.00", "missing_lines": 0, "excluded_lines": 0, "num_branches": 0, "num_partial_branches": 0, "covered_branches": 0, "missing_branches": 0}, "missing_lines": [], "excluded_lines": [], "executed_branches": [], "missing_branches": []}, "AsyncAPIClient.patch": {"executed_lines": [], "summary": {"covered_lines": 0, "num_statements": 1, "percent_covered": 0.0, "percent_covered_display": "0.00", "missing_lines": 1, "excluded_lines": 0, "num_branches": 0, "num_partial_branches": 0, "covered_branches": 0, "missing_branches": 0}, "missing_lines": [665], "excluded_lines": [], "executed_branches": [], "missing_branches": []}, "AsyncJSONPlaceholderClient.get_posts": {"executed_lines": [690, 691, 692, 694, 695], "summary": {"covered_lines": 5, "num_statements": 5, "percent_covered": 100.0, "percent_covered_display": "100.00", "missing_lines": 0, "excluded_lines": 0, "num_branches": 2, "num_partial_branches": 0, "covered_branches": 2, "missing_branches": 0}, "missing_lines": [], "excluded_lines": [], "executed_branches": [[691, 692], [691, 694]], "missing_branches": []}, "AsyncJSONPlaceholderClient.get_post": {"executed_lines": [699, 700], "summary": {"covered_lines": 2, "num_statements": 2, "percent_covered": 100.0, "percent_covered_display": "100.00", "missing_lines": 0, "excluded_lines": 0, "num_branches": 0, "num_partial_branches": 0, "covered_branches": 0, "missing_branches": 0}, "missing_lines": [], "excluded_lines": [], "executed_branches": [], "missing_branches": []}, "AsyncJSONPlaceholderClient.create_post": {"executed_lines": [704, 705, 706], "summary": {"covered_lines": 3, "num_statements": 3, "percent_covered": 100.0, "percent_covered_display": "100.00", "missing_lines": 0, "excluded_lines": 0, "num_branches": 0, "num_partial_branches": 0, "covered_branches": 0, "missing_branches": 0}, "missing_lines": [], "excluded_lines": [], "executed_branches": [], "missing_branches": []}, "AsyncJSONPlaceholderClient.update_post": {"executed_lines": [710, 711, 712], "summary": {"covered_lines": 3, "num_statements": 3, "percent_covered": 100.0, "percent_covered_display": "100.00", "missing_lines": 0, "excluded_lines": 0, "num_branches": 0, "num_partial_branches": 0, "covered_branches": 0, "missing_branches": 0}, "missing_lines": [], "excluded_lines": [], "executed_branches": [], "missing_branches": []}, "AsyncJSONPlaceholderClient.delete_post": {"executed_lines": [716], "summary": {"covered_lines": 1, "num_statements": 1, "percent_covered": 100.0, "percent_covered_display": "100.00", "missing_lines": 0, "excluded_lines": 0, "num_branches": 0, "num_partial_branches": 0, "covered_branches": 0, "missing_branches": 0}, "missing_lines": [], "excluded_lines": [], "executed_branches": [], "missing_branches": []}, "AsyncJSONPlaceholderClient.get_users": {"executed_lines": [721, 722], "summary": {"covered_lines": 2, "num_statements": 2, "percent_covered": 100.0, "percent_covered_display": "100.00", "missing_lines": 0, "excluded_lines": 0, "num_branches": 0, "num_partial_branches": 0, "covered_branches": 0, "missing_branches": 0}, "missing_lines": [], "excluded_lines": [], "executed_branches": [], "missing_branches": []}, "AsyncJSONPlaceholderClient.get_user": {"executed_lines": [726, 727], "summary": {"covered_lines": 2, "num_statements": 2, "percent_covered": 100.0, "percent_covered_display": "100.00", "missing_lines": 0, "excluded_lines": 0, "num_branches": 0, "num_partial_branches": 0, "covered_branches": 0, "missing_branches": 0}, "missing_lines": [], "excluded_lines": [], "executed_branches": [], "missing_branches": []}, "AsyncJSONPlaceholderClient.get_todos": {"executed_lines": [737, 738, 739, 740, 742, 743, 745, 746], "summary": {"covered_lines": 8, "num_statements": 9, "percent_covered": 73.33333333333333, "percent_covered_display": "73.33", "missing_lines": 1, "excluded_lines": 0, "num_branches": 6, "num_partial_branches": 3, "covered_branches": 3, "missing_branches": 3}, "missing_lines": [741], "excluded_lines": [], "executed_branches": [[738, 739], [740, 742], [742, 743]], "missing_branches": [[738, 740], [740, 741], [742, 745]]}, "AsyncJSONPlaceholderClient.get_todo": {"executed_lines": [750, 751], "summary": {"covered_lines": 2, "num_statements": 2, "percent_covered": 100.0, "percent_covered_display": "100.00", "missing_lines": 0, "excluded_lines": 0, "num_branches": 0, "num_partial_branches": 0, "covered_branches": 0, "missing_branches": 0}, "missing_lines": [], "excluded_lines": [], "executed_branches": [], "missing_branches": []}, "AsyncJSONPlaceholderClient.create_todo": {"executed_lines": [757, 758, 759], "summary": {"covered_lines": 3, "num_statements": 3, "percent_covered": 100.0, "percent_covered_display": "100.00", "missing_lines": 0, "excluded_lines": 0, "num_branches": 0, "num_partial_branches": 0, "covered_branches": 0, "missing_branches": 0}, "missing_lines": [], "excluded_lines": [], "executed_branches": [], "missing_branches": []}, "AsyncJSONPlaceholderClient.update_todo": {"executed_lines": [], "summary": {"covered_lines": 0, "num_statements": 2, "percent_covered": 0.0, "percent_covered_display": "0.00", "missing_lines": 2, "excluded_lines": 0, "num_branches": 0, "num_partial_branches": 0, "covered_branches": 0, "missing_branches": 0}, "missing_lines": [763, 764], "excluded_lines": [], "executed_branches": [], "missing_branches": []}, "AsyncJSONPlaceholderClient.create_user": {"executed_lines": [769, 770], "summary": {"covered_lines": 2, "num_statements": 2, "percent_covered": 100.0, "percent_covered_display": "100.00", "missing_lines": 0, "excluded_lines": 0, "num_branches": 0, "num_partial_branches": 0, "covered_branches": 0, "missing_branches": 0}, "missing_lines": [], "excluded_lines": [], "executed_branches": [], "missing_branches": []}, "AsyncJSONPlaceholderClient.bulk_create_users": {"executed_lines": [], "summary": {"covered_lines": 0, "num_statements": 4, "percent_covered": 0.0, "percent_covered_display": "0.00", "missing_lines": 4, "excluded_lines": 0, "num_branches": 0, "num_partial_branches": 0, "covered_branches": 0, "missing_branches": 0}, "missing_lines": [774, 777, 778, 779], "excluded_lines": [], "executed_branches": [], "missing_branches": []}, "AsyncJSONPlaceholderClient.get_comments": {"executed_lines": [784, 785, 787, 788], "summary": {"covered_lines": 4, "num_statements": 4, "percent_covered": 100.0, "percent_covered_display": "100.00", "missing_lines": 0, "excluded_lines": 0, "num_branches": 2, "num_partial_branches": 0, "covered_branches": 2, "missing_branches": 0}, "missing_lines": [], "excluded_lines": [], "executed_branches": [[784, 785], [784, 787]], "missing_branches": []}, "AsyncJSONPlaceholderClient.get_albums": {"executed_lines": [793, 794, 795, 797, 798], "summary": {"covered_lines": 5, "num_statements": 5, "percent_covered": 100.0, "percent_covered_display": "100.00", "missing_lines": 0, "excluded_lines": 0, "num_branches": 2, "num_partial_branches": 0, "covered_branches": 2, "missing_branches": 0}, "missing_lines": [], "excluded_lines": [], "executed_branches": [[794, 795], [794, 797]], "missing_branches": []}, "AsyncJSONPlaceholderClient.get_photos": {"executed_lines": [802, 803, 805, 806], "summary": {"covered_lines": 4, "num_statements": 4, "percent_covered": 100.0, "percent_covered_display": "100.00", "missing_lines": 0, "excluded_lines": 0, "num_branches": 2, "num_partial_branches": 0, "covered_branches": 2, "missing_branches": 0}, "missing_lines": [], "excluded_lines": [], "executed_branches": [[802, 803], [802, 805]], "missing_branches": []}, "AsyncJSONPlaceholderClient.get_user_data": {"executed_lines": [], "summary": {"covered_lines": 0, "num_statements": 7, "percent_covered": 0.0, "percent_covered_display": "0.00", "missing_lines": 7, "excluded_lines": 0, "num_branches": 0, "num_partial_branches": 0, "covered_branches": 0, "missing_branches": 0}, "missing_lines": [811, 814, 815, 816, 817, 820, 824], "excluded_lines": [], "executed_branches": [], "missing_branches": []}, "create_client": {"executed_lines": [], "summary": {"covered_lines": 0, "num_statements": 1, "percent_covered": 0.0, "percent_covered_display": "0.00", "missing_lines": 1, "excluded_lines": 0, "num_branches": 0, "num_partial_branches": 0, "covered_branches": 0, "missing_branches": 0}, "missing_lines": [839], "excluded_lines": [], "executed_branches": [], "missing_branches": []}, "main": {"executed_lines": [], "summary": {"covered_lines": 0, "num_statements": 27, "percent_covered": 0.0, "percent_covered_display": "0.00", "missing_lines": 27, "excluded_lines": 0, "num_branches": 6, "num_partial_branches": 0, "covered_branches": 0, "missing_branches": 6}, "missing_lines": [849, 851, 852, 854, 855, 856, 857, 860, 861, 862, 863, 864, 867, 868, 869, 870, 871, 874, 875, 880, 881, 883, 884, 885, 886, 888, 890], "excluded_lines": [], "executed_branches": [], "missing_branches": [[856, 857], [856, 860], [869, 870], [869, 874], [885, 886], [885, 890]]}, "": {"executed_lines": [1, 11, 12, 13, 14, 16, 18, 21, 52, 53, 55, 58, 59, 61, 64, 65, 67, 70, 71, 73, 79, 80, 82, 85, 86, 88, 93, 119, 120, 129, 173, 177, 181, 187, 285, 294, 306, 316, 320, 338, 339, 356, 365, 370, 377, 382, 388, 406, 411, 417, 423, 432, 441, 455, 456, 465, 509, 513, 517, 523, 620, 629, 641, 653, 657, 670, 671, 688, 697, 702, 708, 714, 719, 724, 730, 748, 753, 761, 767, 772, 782, 791, 800, 809, 837, 847, 893], "summary": {"covered_lines": 75, "num_statements": 75, "percent_covered": 100.0, "percent_covered_display": "100.00", "missing_lines": 0, "excluded_lines": 3, "num_branches": 0, "num_partial_branches": 0, "covered_branches": 0, "missing_branches": 0}, "missing_lines": [], "excluded_lines": [893, 895, 900], "executed_branches": [], "missing_branches": []}}, "classes": {"APIClientError": {"executed_lines": [], "summary": {"covered_lines": 0, "num_statements": 0, "percent_covered": 100.0, "percent_covered_display": "100.00", "missing_lines": 0, "excluded_lines": 0, "num_branches": 0, "num_partial_branches": 0, "covered_branches": 0, "missing_branches": 0}, "missing_lines": [], "excluded_lines": [], "executed_branches": [], "missing_branches": []}, "APIConnectionError": {"executed_lines": [], "summary": {"covered_lines": 0, "num_statements": 0, "percent_covered": 100.0, "percent_covered_display": "100.00", "missing_lines": 0, "excluded_lines": 0, "num_branches": 0, "num_partial_branches": 0, "covered_branches": 0, "missing_branches": 0}, "missing_lines": [], "excluded_lines": [], "executed_branches": [], "missing_branches": []}, "APITimeoutError": {"executed_lines": [], "summary": {"covered_lines": 0, "num_statements": 0, "percent_covered": 100.0, "percent_covered_display": "100.00", "missing_lines": 0, "excluded_lines": 0, "num_branches": 0, "num_partial_branches": 0, "covered_branches": 0, "missing_branches": 0}, "missing_lines": [], "excluded_lines": [], "executed_branches": [], "missing_branches": []}, "APIHTTPError": {"executed_lines": [74, 75, 76], "summary": {"covered_lines": 3, "num_statements": 3, "percent_covered": 100.0, "percent_covered_display": "100.00", "missing_lines": 0, "excluded_lines": 0, "num_branches": 0, "num_partial_branches": 0, "covered_branches": 0, "missing_branches": 0}, "missing_lines": [], "excluded_lines": [], "executed_branches": [], "missing_branches": []}, "APIRetryError": {"executed_lines": [], "summary": {"covered_lines": 0, "num_statements": 0, "percent_covered": 100.0, "percent_covered_display": "100.00", "missing_lines": 0, "excluded_lines": 0, "num_branches": 0, "num_partial_branches": 0, "covered_branches": 0, "missing_branches": 0}, "missing_lines": [], "excluded_lines": [], "executed_branches": [], "missing_branches": []}, "APIJSONDecodeError": {"executed_lines": [], "summary": {"covered_lines": 0, "num_statements": 2, "percent_covered": 0.0, "percent_covered_display": "0.00", "missing_lines": 2, "excluded_lines": 0, "num_branches": 0, "num_partial_branches": 0, "covered_branches": 0, "missing_branches": 0}, "missing_lines": [89, 90], "excluded_lines": [], "executed_branches": [], "missing_branches": []}, "BaseAPIClient": {"executed_lines": [146, 147, 148, 149, 152, 157, 158, 161, 164, 171, 175, 179, 183, 184, 185], "summary": {"covered_lines": 15, "num_statements": 54, "percent_covered": 26.470588235294116, "percent_covered_display": "26.47", "missing_lines": 39, "excluded_lines": 0, "num_branches": 14, "num_partial_branches": 1, "covered_branches": 3, "missing_branches": 11}, "missing_lines": [205, 207, 208, 210, 211, 216, 219, 222, 223, 224, 227, 229, 231, 232, 235, 242, 245, 251, 252, 253, 255, 256, 257, 259, 262, 263, 265, 266, 269, 270, 273, 277, 280, 281, 292, 302, 314, 318, 328], "excluded_lines": [], "executed_branches": [[157, 158], [157, 161], [183, 184]], "missing_branches": [[183, -181], [207, 208], [207, 280], [210, 211], [210, 216], [231, 232], [231, 242], [262, 263], [262, 265], [269, 207], [269, 270]]}, "JSONPlaceholderClient": {"executed_lines": [], "summary": {"covered_lines": 0, "num_statements": 43, "percent_covered": 0.0, "percent_covered_display": "0.00", "missing_lines": 43, "excluded_lines": 0, "num_branches": 14, "num_partial_branches": 0, "covered_branches": 0, "missing_branches": 14}, "missing_lines": [358, 359, 360, 362, 363, 367, 368, 372, 373, 374, 379, 380, 384, 385, 395, 396, 397, 398, 399, 400, 401, 403, 404, 408, 409, 413, 414, 415, 419, 420, 425, 426, 428, 429, 434, 435, 436, 438, 439, 443, 444, 446, 447], "excluded_lines": [], "executed_branches": [], "missing_branches": [[359, 360], [359, 362], [396, 397], [396, 398], [398, 399], [398, 400], [400, 401], [400, 403], [425, 426], [425, 428], [435, 436], [435, 438], [443, 444], [443, 446]]}, "AsyncAPIClient": {"executed_lines": [482, 483, 484, 485, 488, 493, 494, 497, 500, 507, 511, 515, 519, 520, 521, 543, 545, 547, 548, 550, 551, 556, 559, 562, 563, 564, 567, 569, 571, 572, 575, 582, 585, 591, 592, 593, 595, 596, 597, 599, 600, 601, 604, 605, 608, 612, 615, 616, 627, 637, 649, 655], "summary": {"covered_lines": 52, "num_statements": 53, "percent_covered": 96.92307692307692, "percent_covered_display": "96.92", "missing_lines": 1, "excluded_lines": 0, "num_branches": 12, "num_partial_branches": 1, "covered_branches": 11, "missing_branches": 1}, "missing_lines": [665], "excluded_lines": [], "executed_branches": [[493, 494], [493, 497], [519, 520], [547, 548], [547, 615], [550, 551], [550, 556], [571, 572], [571, 582], [604, 547], [604, 605]], "missing_branches": [[519, -517]]}, "AsyncJSONPlaceholderClient": {"executed_lines": [690, 691, 692, 694, 695, 699, 700, 704, 705, 706, 710, 711, 712, 716, 721, 722, 726, 727, 737, 738, 739, 740, 742, 743, 745, 746, 750, 751, 757, 758, 759, 769, 770, 784, 785, 787, 788, 793, 794, 795, 797, 798, 802, 803, 805, 806], "summary": {"covered_lines": 46, "num_statements": 60, "percent_covered": 77.02702702702703, "percent_covered_display": "77.03", "missing_lines": 14, "excluded_lines": 0, "num_branches": 14, "num_partial_branches": 3, "covered_branches": 11, "missing_branches": 3}, "missing_lines": [741, 763, 764, 774, 777, 778, 779, 811, 814, 815, 816, 817, 820, 824], "excluded_lines": [], "executed_branches": [[691, 692], [691, 694], [738, 739], [740, 742], [742, 743], [784, 785], [784, 787], [794, 795], [794, 797], [802, 803], [802, 805]], "missing_branches": [[738, 740], [740, 741], [742, 745]]}, "": {"executed_lines": [1, 11, 12, 13, 14, 16, 18, 21, 39, 41, 42, 44, 52, 53, 55, 58, 59, 61, 64, 65, 67, 70, 71, 73, 79, 80, 82, 85, 86, 88, 93, 105, 106, 119, 120, 129, 173, 177, 181, 187, 285, 294, 306, 316, 320, 338, 339, 356, 365, 370, 377, 382, 388, 406, 411, 417, 423, 432, 441, 455, 456, 465, 509, 513, 517, 523, 620, 629, 641, 653, 657, 670, 671, 688, 697, 702, 708, 714, 719, 724, 730, 748, 753, 761, 767, 772, 782, 791, 800, 809, 837, 847, 893], "summary": {"covered_lines": 81, "num_statements": 111, "percent_covered": 69.23076923076923, "percent_covered_display": "69.23", "missing_lines": 30, "excluded_lines": 3, "num_branches": 6, "num_partial_branches": 0, "covered_branches": 0, "missing_branches": 6}, "missing_lines": [107, 108, 839, 849, 851, 852, 854, 855, 856, 857, 860, 861, 862, 863, 864, 867, 868, 869, 870, 871, 874, 875, 880, 881, 883, 884, 885, 886, 888, 890], "excluded_lines": [893, 895, 900], "executed_branches": [], "missing_branches": [[856, 857], [856, 860], [869, 870], [869, 874], [885, 886], [885, 890]]}}}, "utils/github_client.py": {"executed_lines": [1, 9, 10, 11, 12, 13, 15, 16, 18, 25, 29, 32, 47, 48, 51, 60, 68, 69, 73, 74, 76, 77, 78, 81, 82, 86, 87, 96, 97, 111, 113, 127, 128, 129, 130, 131, 132, 134, 136, 144, 146, 148, 149, 150, 152, 172, 173, 174, 176, 178, 199, 200, 201, 202, 204, 206, 224, 225, 226, 227, 229, 231, 258, 259, 262, 263, 264, 266, 267, 268, 273, 274, 275, 276, 277, 284, 286, 288, 289, 291, 293, 294, 296, 297, 299, 300, 301, 304, 306, 308, 309, 310, 317, 318, 319, 323, 326, 327, 330, 331, 334, 335, 336, 337, 339, 341, 343, 344, 346, 347, 348, 350, 351, 352, 354, 355, 358], "summary": {"covered_lines": 111, "num_statements": 118, "percent_covered": 91.66666666666667, "percent_covered_display": "91.67", "missing_lines": 7, "excluded_lines": 0, "num_branches": 38, "num_partial_branches": 6, "covered_branches": 32, "missing_branches": 6}, "missing_lines": [61, 175, 203, 228, 302, 303, 361], "excluded_lines": [], "executed_branches": [[47, -32], [47, 48], [60, -51], [148, 149], [174, 176], [202, 204], [227, 229], [258, 259], [258, 262], [263, 264], [263, 266], [266, 267], [274, 275], [274, 284], [284, 286], [284, 288], [288, 289], [288, 291], [291, 293], [291, 306], [294, 296], [294, 299], [306, 308], [306, 323], [308, 309], [308, 319], [326, 327], [326, 330], [344, 346], [344, 347], [347, 266], [347, 348]], "missing_branches": [[60, 61], [148, -146], [174, 175], [202, 203], [227, 228], [266, 361]], "functions": {"validate_github_username": {"executed_lines": [47, 48], "summary": {"covered_lines": 2, "num_statements": 2, "percent_covered": 100.0, "percent_covered_display": "100.00", "missing_lines": 0, "excluded_lines": 0, "num_branches": 2, "num_partial_branches": 0, "covered_branches": 2, "missing_branches": 0}, "missing_lines": [], "excluded_lines": [], "executed_branches": [[47, -32], [47, 48]], "missing_branches": []}, "validate_github_repo": {"executed_lines": [60], "summary": {"covered_lines": 1, "num_statements": 2, "percent_covered": 50.0, "percent_covered_display": "50.00", "missing_lines": 1, "excluded_lines": 0, "num_branches": 2, "num_partial_branches": 1, "covered_branches": 1, "missing_branches": 1}, "missing_lines": [61], "excluded_lines": [], "executed_branches": [[60, -51]], "missing_branches": [[60, 61]]}, "RateLimitError.__init__": {"executed_lines": [77, 78], "summary": {"covered_lines": 2, "num_statements": 2, "percent_covered": 100.0, "percent_covered_display": "100.00", "missing_lines": 0, "excluded_lines": 0, "num_branches": 0, "num_partial_branches": 0, "covered_branches": 0, "missing_branches": 0}, "missing_lines": [], "excluded_lines": [], "executed_branches": [], "missing_branches": []}, "AsyncGitHubClient.__init__": {"executed_lines": [127, 128, 129, 130, 131, 132], "summary": {"covered_lines": 6, "num_statements": 6, "percent_covered": 100.0, "percent_covered_display": "100.00", "missing_lines": 0, "excluded_lines": 0, "num_branches": 0, "num_partial_branches": 0, "covered_branches": 0, "missing_branches": 0}, "missing_lines": [], "excluded_lines": [], "executed_branches": [], "missing_branches": []}, "AsyncGitHubClient.__aenter__": {"executed_lines": [136, 144], "summary": {"covered_lines": 2, "num_statements": 2, "percent_covered": 100.0, "percent_covered_display": "100.00", "missing_lines": 0, "excluded_lines": 0, "num_branches": 0, "num_partial_branches": 0, "covered_branches": 0, "missing_branches": 0}, "missing_lines": [], "excluded_lines": [], "executed_branches": [], "missing_branches": []}, "AsyncGitHubClient.__aexit__": {"executed_lines": [148, 149, 150], "summary": {"covered_lines": 3, "num_statements": 3, "percent_covered": 80.0, "percent_covered_display": "80.00", "missing_lines": 0, "excluded_lines": 0, "num_branches": 2, "num_partial_branches": 1, "covered_branches": 1, "missing_branches": 1}, "missing_lines": [], "excluded_lines": [], "executed_branches": [[148, 149]], "missing_branches": [[148, -146]]}, "AsyncGitHubClient.get_user": {"executed_lines": [172, 173, 174, 176], "summary": {"covered_lines": 4, "num_statements": 5, "percent_covered": 71.42857142857143, "percent_covered_display": "71.43", "missing_lines": 1, "excluded_lines": 0, "num_branches": 2, "num_partial_branches": 1, "covered_branches": 1, "missing_branches": 1}, "missing_lines": [175], "excluded_lines": [], "executed_branches": [[174, 176]], "missing_branches": [[174, 175]]}, "AsyncGitHubClient.get_repos": {"executed_lines": [199, 200, 201, 202, 204], "summary": {"covered_lines": 5, "num_statements": 6, "percent_covered": 75.0, "percent_covered_display": "75.00", "missing_lines": 1, "excluded_lines": 0, "num_branches": 2, "num_partial_branches": 1, "covered_branches": 1, "missing_branches": 1}, "missing_lines": [203], "excluded_lines": [], "executed_branches": [[202, 204]], "missing_branches": [[202, 203]]}, "AsyncGitHubClient.get_repo": {"executed_lines": [224, 225, 226, 227, 229], "summary": {"covered_lines": 5, "num_statements": 6, "percent_covered": 75.0, "percent_covered_display": "75.00", "missing_lines": 1, "excluded_lines": 0, "num_branches": 2, "num_partial_branches": 1, "covered_branches": 1, "missing_branches": 1}, "missing_lines": [228], "excluded_lines": [], "executed_branches": [[227, 229]], "missing_branches": [[227, 228]]}, "AsyncGitHubClient._request": {"executed_lines": [258, 259, 262, 263, 264, 266, 267, 268, 273, 274, 275, 276, 277, 284, 286, 288, 289, 291, 293, 294, 296, 297, 299, 300, 301, 304, 306, 308, 309, 310, 317, 318, 319, 323, 326, 327, 330, 331, 334, 335, 336, 337, 339, 341, 343, 344, 346, 347, 348, 350, 351, 352, 354, 355, 358], "summary": {"covered_lines": 55, "num_statements": 58, "percent_covered": 95.23809523809524, "percent_covered_display": "95.24", "missing_lines": 3, "excluded_lines": 0, "num_branches": 26, "num_partial_branches": 1, "covered_branches": 25, "missing_branches": 1}, "missing_lines": [302, 303, 361], "excluded_lines": [], "executed_branches": [[258, 259], [258, 262], [263, 264], [263, 266], [266, 267], [274, 275], [274, 284], [284, 286], [284, 288], [288, 289], [288, 291], [291, 293], [291, 306], [294, 296], [294, 299], [306, 308], [306, 323], [308, 309], [308, 319], [326, 327], [326, 330], [344, 346], [344, 347], [347, 266], [347, 348]], "missing_branches": [[266, 361]]}, "": {"executed_lines": [1, 9, 10, 11, 12, 13, 15, 16, 18, 25, 29, 32, 51, 68, 69, 73, 74, 76, 81, 82, 86, 87, 96, 97, 111, 113, 134, 146, 152, 178, 206, 231], "summary": {"covered_lines": 26, "num_statements": 26, "percent_covered": 100.0, "percent_covered_display": "100.00", "missing_lines": 0, "excluded_lines": 0, "num_branches": 0, "num_partial_branches": 0, "covered_branches": 0, "missing_branches": 0}, "missing_lines": [], "excluded_lines": [], "executed_branches": [], "missing_branches": []}}, "classes": {"GitHubAPIError": {"executed_lines": [], "summary": {"covered_lines": 0, "num_statements": 0, "percent_covered": 100.0, "percent_covered_display": "100.00", "missing_lines": 0, "excluded_lines": 0, "num_branches": 0, "num_partial_branches": 0, "covered_branches": 0, "missing_branches": 0}, "missing_lines": [], "excluded_lines": [], "executed_branches": [], "missing_branches": []}, "RateLimitError": {"executed_lines": [77, 78], "summary": {"covered_lines": 2, "num_statements": 2, "percent_covered": 100.0, "percent_covered_display": "100.00", "missing_lines": 0, "excluded_lines": 0, "num_branches": 0, "num_partial_branches": 0, "covered_branches": 0, "missing_branches": 0}, "missing_lines": [], "excluded_lines": [], "executed_branches": [], "missing_branches": []}, "NotFoundError": {"executed_lines": [], "summary": {"covered_lines": 0, "num_statements": 0, "percent_covered": 100.0, "percent_covered_display": "100.00", "missing_lines": 0, "excluded_lines": 0, "num_branches": 0, "num_partial_branches": 0, "covered_branches": 0, "missing_branches": 0}, "missing_lines": [], "excluded_lines": [], "executed_branches": [], "missing_branches": []}, "GitHubServerError": {"executed_lines": [], "summary": {"covered_lines": 0, "num_statements": 0, "percent_covered": 100.0, "percent_covered_display": "100.00", "missing_lines": 0, "excluded_lines": 0, "num_branches": 0, "num_partial_branches": 0, "covered_branches": 0, "missing_branches": 0}, "missing_lines": [], "excluded_lines": [], "executed_branches": [], "missing_branches": []}, "AsyncGitHubClient": {"executed_lines": [127, 128, 129, 130, 131, 132, 136, 144, 148, 149, 150, 172, 173, 174, 176, 199, 200, 201, 202, 204, 224, 225, 226, 227, 229, 258, 259, 262, 263, 264, 266, 267, 268, 273, 274, 275, 276, 277, 284, 286, 288, 289, 291, 293, 294, 296, 297, 299, 300, 301, 304, 306, 308, 309, 310, 317, 318, 319, 323, 326, 327, 330, 331, 334, 335, 336, 337, 339, 341, 343, 344, 346, 347, 348, 350, 351, 352, 354, 355, 358], "summary": {"covered_lines": 80, "num_statements": 86, "percent_covered": 90.83333333333333, "percent_covered_display": "90.83", "missing_lines": 6, "excluded_lines": 0, "num_branches": 34, "num_partial_branches": 5, "covered_branches": 29, "missing_branches": 5}, "missing_lines": [175, 203, 228, 302, 303, 361], "excluded_lines": [], "executed_branches": [[148, 149], [174, 176], [202, 204], [227, 229], [258, 259], [258, 262], [263, 264], [263, 266], [266, 267], [274, 275], [274, 284], [284, 286], [284, 288], [288, 289], [288, 291], [291, 293], [291, 306], [294, 296], [294, 299], [306, 308], [306, 323], [308, 309], [308, 319], [326, 327], [326, 330], [344, 346], [344, 347], [347, 266], [347, 348]], "missing_branches": [[148, -146], [174, 175], [202, 203], [227, 228], [266, 361]]}, "": {"executed_lines": [1, 9, 10, 11, 12, 13, 15, 16, 18, 25, 29, 32, 47, 48, 51, 60, 68, 69, 73, 74, 76, 81, 82, 86, 87, 96, 97, 111, 113, 134, 146, 152, 178, 206, 231], "summary": {"covered_lines": 29, "num_statements": 30, "percent_covered": 94.11764705882354, "percent_covered_display": "94.12", "missing_lines": 1, "excluded_lines": 0, "num_branches": 4, "num_partial_branches": 1, "covered_branches": 3, "missing_branches": 1}, "missing_lines": [61], "excluded_lines": [], "executed_branches": [[47, -32], [47, 48], [60, -51]], "missing_branches": [[60, 61]]}}}}, "totals": {"covered_lines": 442, "num_statements": 663, "percent_covered": 65.77946768060836, "percent_covered_display": "65.78", "missing_lines": 221, "excluded_lines": 3, "num_branches": 126, "num_partial_branches": 17, "covered_branches": 77, "missing_branches": 49}}